{"meta": {"format": 3, "version": "7.11.0", "timestamp": "2025-10-19T17:45:13.648371", "branch_coverage": false, "show_contexts": false}, "files": {"budget_execution/__init__.py": {"executed_lines": [0], "summary": {"covered_lines": 0, "num_statements": 0, "percent_covered": 100.0, "percent_covered_display": "100", "missing_lines": 0, "excluded_lines": 0}, "missing_lines": [], "excluded_lines": [], "functions": {"": {"executed_lines": [], "summary": {"covered_lines": 0, "num_statements": 0, "percent_covered": 100.0, "percent_covered_display": "100", "missing_lines": 0, "excluded_lines": 0}, "missing_lines": [], "excluded_lines": []}}, "classes": {"": {"executed_lines": [], "summary": {"covered_lines": 0, "num_statements": 0, "percent_covered": 100.0, "percent_covered_display": "100", "missing_lines": 0, "excluded_lines": 0}, "missing_lines": [], "excluded_lines": []}}}, "budget_execution/admin.py": {"executed_lines": [1, 9, 10, 11, 12, 13, 15, 22, 23, 24, 25, 26, 27, 28, 31, 32, 33, 34, 35, 36, 37, 40, 41, 42, 43, 44, 45, 52, 53, 54, 56, 67, 68, 73, 81, 114, 116, 123, 125, 127, 129, 131, 134, 136, 144, 146, 154, 156, 169, 172, 174, 176, 178, 180, 182, 185, 186, 187, 189, 200, 201, 207, 214, 249, 251, 258, 261, 263, 265, 267, 270, 272, 280, 282, 295, 297, 299, 301, 303, 306, 307, 308, 310, 320, 321, 328, 333, 362, 364, 371, 374, 376, 378, 381, 382, 383, 385, 392, 393, 399, 400, 427, 430, 432, 434], "summary": {"covered_lines": 97, "num_statements": 139, "percent_covered": 69.7841726618705, "percent_covered_display": "70", "missing_lines": 42, "excluded_lines": 0}, "missing_lines": [118, 119, 120, 124, 128, 132, 133, 137, 138, 139, 147, 148, 149, 157, 164, 173, 177, 181, 253, 254, 255, 259, 260, 264, 268, 269, 273, 274, 275, 283, 290, 298, 302, 366, 367, 368, 372, 373, 377, 428, 429, 433], "excluded_lines": [], "functions": {"AllotmentAdmin.save_model": {"executed_lines": [], "summary": {"covered_lines": 0, "num_statements": 3, "percent_covered": 0.0, "percent_covered_display": "0", "missing_lines": 3, "excluded_lines": 0}, "missing_lines": [118, 119, 120], "excluded_lines": []}, "AllotmentAdmin.quarter_display": {"executed_lines": [], "summary": {"covered_lines": 0, "num_statements": 1, "percent_covered": 0.0, "percent_covered_display": "0", "missing_lines": 1, "excluded_lines": 0}, "missing_lines": [124], "excluded_lines": []}, "AllotmentAdmin.amount_display": {"executed_lines": [], "summary": {"covered_lines": 0, "num_statements": 1, "percent_covered": 0.0, "percent_covered_display": "0", "missing_lines": 1, "excluded_lines": 0}, "missing_lines": [128], "excluded_lines": []}, "AllotmentAdmin.obligated_display": {"executed_lines": [], "summary": {"covered_lines": 0, "num_statements": 2, "percent_covered": 0.0, "percent_covered_display": "0", "missing_lines": 2, "excluded_lines": 0}, "missing_lines": [132, 133], "excluded_lines": []}, "AllotmentAdmin.balance_display": {"executed_lines": [], "summary": {"covered_lines": 0, "num_statements": 3, "percent_covered": 0.0, "percent_covered_display": "0", "missing_lines": 3, "excluded_lines": 0}, "missing_lines": [137, 138, 139], "excluded_lines": []}, "AllotmentAdmin.utilization_display": {"executed_lines": [], "summary": {"covered_lines": 0, "num_statements": 3, "percent_covered": 0.0, "percent_covered_display": "0", "missing_lines": 3, "excluded_lines": 0}, "missing_lines": [147, 148, 149], "excluded_lines": []}, "AllotmentAdmin.status_badge": {"executed_lines": [], "summary": {"covered_lines": 0, "num_statements": 2, "percent_covered": 0.0, "percent_covered_display": "0", "missing_lines": 2, "excluded_lines": 0}, "missing_lines": [157, 164], "excluded_lines": []}, "AllotmentAdmin.obligated_amount_display": {"executed_lines": [], "summary": {"covered_lines": 0, "num_statements": 1, "percent_covered": 0.0, "percent_covered_display": "0", "missing_lines": 1, "excluded_lines": 0}, "missing_lines": [173], "excluded_lines": []}, "AllotmentAdmin.remaining_balance_display": {"executed_lines": [], "summary": {"covered_lines": 0, "num_statements": 1, "percent_covered": 0.0, "percent_covered_display": "0", "missing_lines": 1, "excluded_lines": 0}, "missing_lines": [177], "excluded_lines": []}, "AllotmentAdmin.utilization_rate_display": {"executed_lines": [], "summary": {"covered_lines": 0, "num_statements": 1, "percent_covered": 0.0, "percent_covered_display": "0", "missing_lines": 1, "excluded_lines": 0}, "missing_lines": [181], "excluded_lines": []}, "ObligationAdmin.save_model": {"executed_lines": [], "summary": {"covered_lines": 0, "num_statements": 3, "percent_covered": 0.0, "percent_covered_display": "0", "missing_lines": 3, "excluded_lines": 0}, "missing_lines": [253, 254, 255], "excluded_lines": []}, "ObligationAdmin.allotment_link": {"executed_lines": [], "summary": {"covered_lines": 0, "num_statements": 2, "percent_covered": 0.0, "percent_covered_display": "0", "missing_lines": 2, "excluded_lines": 0}, "missing_lines": [259, 260], "excluded_lines": []}, "ObligationAdmin.amount_display": {"executed_lines": [], "summary": {"covered_lines": 0, "num_statements": 1, "percent_covered": 0.0, "percent_covered_display": "0", "missing_lines": 1, "excluded_lines": 0}, "missing_lines": [264], "excluded_lines": []}, "ObligationAdmin.disbursed_display": {"executed_lines": [], "summary": {"covered_lines": 0, "num_statements": 2, "percent_covered": 0.0, "percent_covered_display": "0", "missing_lines": 2, "excluded_lines": 0}, "missing_lines": [268, 269], "excluded_lines": []}, "ObligationAdmin.balance_display": {"executed_lines": [], "summary": {"covered_lines": 0, "num_statements": 3, "percent_covered": 0.0, "percent_covered_display": "0", "missing_lines": 3, "excluded_lines": 0}, "missing_lines": [273, 274, 275], "excluded_lines": []}, "ObligationAdmin.status_badge": {"executed_lines": [], "summary": {"covered_lines": 0, "num_statements": 2, "percent_covered": 0.0, "percent_covered_display": "0", "missing_lines": 2, "excluded_lines": 0}, "missing_lines": [283, 290], "excluded_lines": []}, "ObligationAdmin.disbursed_amount_display": {"executed_lines": [], "summary": {"covered_lines": 0, "num_statements": 1, "percent_covered": 0.0, "percent_covered_display": "0", "missing_lines": 1, "excluded_lines": 0}, "missing_lines": [298], "excluded_lines": []}, "ObligationAdmin.remaining_balance_display": {"executed_lines": [], "summary": {"covered_lines": 0, "num_statements": 1, "percent_covered": 0.0, "percent_covered_display": "0", "missing_lines": 1, "excluded_lines": 0}, "missing_lines": [302], "excluded_lines": []}, "DisbursementAdmin.save_model": {"executed_lines": [], "summary": {"covered_lines": 0, "num_statements": 3, "percent_covered": 0.0, "percent_covered_display": "0", "missing_lines": 3, "excluded_lines": 0}, "missing_lines": [366, 367, 368], "excluded_lines": []}, "DisbursementAdmin.obligation_link": {"executed_lines": [], "summary": {"covered_lines": 0, "num_statements": 2, "percent_covered": 0.0, "percent_covered_display": "0", "missing_lines": 2, "excluded_lines": 0}, "missing_lines": [372, 373], "excluded_lines": []}, "DisbursementAdmin.amount_display": {"executed_lines": [], "summary": {"covered_lines": 0, "num_statements": 1, "percent_covered": 0.0, "percent_covered_display": "0", "missing_lines": 1, "excluded_lines": 0}, "missing_lines": [377], "excluded_lines": []}, "DisbursementLineItemAdmin.disbursement_link": {"executed_lines": [], "summary": {"covered_lines": 0, "num_statements": 2, "percent_covered": 0.0, "percent_covered_display": "0", "missing_lines": 2, "excluded_lines": 0}, "missing_lines": [428, 429], "excluded_lines": []}, "DisbursementLineItemAdmin.amount_display": {"executed_lines": [], "summary": {"covered_lines": 0, "num_statements": 1, "percent_covered": 0.0, "percent_covered_display": "0", "missing_lines": 1, "excluded_lines": 0}, "missing_lines": [433], "excluded_lines": []}, "": {"executed_lines": [1, 9, 10, 11, 12, 13, 15, 22, 23, 24, 25, 26, 27, 28, 31, 32, 33, 34, 35, 36, 37, 40, 41, 42, 43, 44, 45, 52, 53, 54, 56, 67, 68, 73, 81, 114, 116, 123, 125, 127, 129, 131, 134, 136, 144, 146, 154, 156, 169, 172, 174, 176, 178, 180, 182, 185, 186, 187, 189, 200, 201, 207, 214, 249, 251, 258, 261, 263, 265, 267, 270, 272, 280, 282, 295, 297, 299, 301, 303, 306, 307, 308, 310, 320, 321, 328, 333, 362, 364, 371, 374, 376, 378, 381, 382, 383, 385, 392, 393, 399, 400, 427, 430, 432, 434], "summary": {"covered_lines": 97, "num_statements": 97, "percent_covered": 100.0, "percent_covered_display": "100", "missing_lines": 0, "excluded_lines": 0}, "missing_lines": [], "excluded_lines": []}}, "classes": {"ObligationInline": {"executed_lines": [], "summary": {"covered_lines": 0, "num_statements": 0, "percent_covered": 100.0, "percent_covered_display": "100", "missing_lines": 0, "excluded_lines": 0}, "missing_lines": [], "excluded_lines": []}, "DisbursementInline": {"executed_lines": [], "summary": {"covered_lines": 0, "num_statements": 0, "percent_covered": 100.0, "percent_covered_display": "100", "missing_lines": 0, "excluded_lines": 0}, "missing_lines": [], "excluded_lines": []}, "LineItemInline": {"executed_lines": [], "summary": {"covered_lines": 0, "num_statements": 0, "percent_covered": 100.0, "percent_covered_display": "100", "missing_lines": 0, "excluded_lines": 0}, "missing_lines": [], "excluded_lines": []}, "AllotmentAdmin": {"executed_lines": [], "summary": {"covered_lines": 0, "num_statements": 18, "percent_covered": 0.0, "percent_covered_display": "0", "missing_lines": 18, "excluded_lines": 0}, "missing_lines": [118, 119, 120, 124, 128, 132, 133, 137, 138, 139, 147, 148, 149, 157, 164, 173, 177, 181], "excluded_lines": []}, "ObligationAdmin": {"executed_lines": [], "summary": {"covered_lines": 0, "num_statements": 15, "percent_covered": 0.0, "percent_covered_display": "0", "missing_lines": 15, "excluded_lines": 0}, "missing_lines": [253, 254, 255, 259, 260, 264, 268, 269, 273, 274, 275, 283, 290, 298, 302], "excluded_lines": []}, "DisbursementAdmin": {"executed_lines": [], "summary": {"covered_lines": 0, "num_statements": 6, "percent_covered": 0.0, "percent_covered_display": "0", "missing_lines": 6, "excluded_lines": 0}, "missing_lines": [366, 367, 368, 372, 373, 377], "excluded_lines": []}, "DisbursementLineItemAdmin": {"executed_lines": [], "summary": {"covered_lines": 0, "num_statements": 3, "percent_covered": 0.0, "percent_covered_display": "0", "missing_lines": 3, "excluded_lines": 0}, "missing_lines": [428, 429, 433], "excluded_lines": []}, "": {"executed_lines": [1, 9, 10, 11, 12, 13, 15, 22, 23, 24, 25, 26, 27, 28, 31, 32, 33, 34, 35, 36, 37, 40, 41, 42, 43, 44, 45, 52, 53, 54, 56, 67, 68, 73, 81, 114, 116, 123, 125, 127, 129, 131, 134, 136, 144, 146, 154, 156, 169, 172, 174, 176, 178, 180, 182, 185, 186, 187, 189, 200, 201, 207, 214, 249, 251, 258, 261, 263, 265, 267, 270, 272, 280, 282, 295, 297, 299, 301, 303, 306, 307, 308, 310, 320, 321, 328, 333, 362, 364, 371, 374, 376, 378, 381, 382, 383, 385, 392, 393, 399, 400, 427, 430, 432, 434], "summary": {"covered_lines": 97, "num_statements": 97, "percent_covered": 100.0, "percent_covered_display": "100", "missing_lines": 0, "excluded_lines": 0}, "missing_lines": [], "excluded_lines": []}}}, "budget_execution/apps.py": {"executed_lines": [1, 4, 5, 6, 7, 9, 10], "summary": {"covered_lines": 7, "num_statements": 7, "percent_covered": 100.0, "percent_covered_display": "100", "missing_lines": 0, "excluded_lines": 0}, "missing_lines": [], "excluded_lines": [], "functions": {"BudgetExecutionConfig.ready": {"executed_lines": [10], "summary": {"covered_lines": 1, "num_statements": 1, "percent_covered": 100.0, "percent_covered_display": "100", "missing_lines": 0, "excluded_lines": 0}, "missing_lines": [], "excluded_lines": []}, "": {"executed_lines": [1, 4, 5, 6, 7, 9], "summary": {"covered_lines": 6, "num_statements": 6, "percent_covered": 100.0, "percent_covered_display": "100", "missing_lines": 0, "excluded_lines": 0}, "missing_lines": [], "excluded_lines": []}}, "classes": {"BudgetExecutionConfig": {"executed_lines": [10], "summary": {"covered_lines": 1, "num_statements": 1, "percent_covered": 100.0, "percent_covered_display": "100", "missing_lines": 0, "excluded_lines": 0}, "missing_lines": [], "excluded_lines": []}, "": {"executed_lines": [1, 4, 5, 6, 7, 9], "summary": {"covered_lines": 6, "num_statements": 6, "percent_covered": 100.0, "percent_covered_display": "100", "missing_lines": 0, "excluded_lines": 0}, "missing_lines": [], "excluded_lines": []}}}, "budget_execution/forms.py": {"executed_lines": [], "summary": {"covered_lines": 0, "num_statements": 87, "percent_covered": 0.0, "percent_covered_display": "0", "missing_lines": 87, "excluded_lines": 0}, "missing_lines": [8, 9, 10, 11, 13, 14, 15, 18, 27, 28, 29, 38, 73, 74, 77, 82, 83, 85, 89, 90, 91, 92, 94, 95, 98, 104, 105, 107, 108, 114, 122, 125, 126, 127, 133, 136, 145, 146, 147, 157, 198, 199, 202, 210, 213, 216, 217, 219, 223, 224, 225, 227, 228, 231, 239, 242, 243, 244, 250, 253, 262, 270, 271, 272, 282, 323, 324, 327, 334, 338, 342, 343, 344, 346, 347, 350, 358, 361, 362, 363, 369, 372, 377, 378, 379, 386, 412], "excluded_lines": [], "functions": {"AllotmentReleaseForm.__init__": {"executed_lines": [], "summary": {"covered_lines": 0, "num_statements": 4, "percent_covered": 0.0, "percent_covered_display": "0", "missing_lines": 4, "excluded_lines": 0}, "missing_lines": [74, 77, 82, 83], "excluded_lines": []}, "AllotmentReleaseForm.clean": {"executed_lines": [], "summary": {"covered_lines": 0, "num_statements": 17, "percent_covered": 0.0, "percent_covered_display": "0", "missing_lines": 17, "excluded_lines": 0}, "missing_lines": [89, 90, 91, 92, 94, 95, 98, 104, 105, 107, 108, 114, 122, 125, 126, 127, 133], "excluded_lines": []}, "ObligationForm.__init__": {"executed_lines": [], "summary": {"covered_lines": 0, "num_statements": 6, "percent_covered": 0.0, "percent_covered_display": "0", "missing_lines": 6, "excluded_lines": 0}, "missing_lines": [199, 202, 210, 213, 216, 217], "excluded_lines": []}, "ObligationForm.clean": {"executed_lines": [], "summary": {"covered_lines": 0, "num_statements": 11, "percent_covered": 0.0, "percent_covered_display": "0", "missing_lines": 11, "excluded_lines": 0}, "missing_lines": [223, 224, 225, 227, 228, 231, 239, 242, 243, 244, 250], "excluded_lines": []}, "DisbursementForm.__init__": {"executed_lines": [], "summary": {"covered_lines": 0, "num_statements": 3, "percent_covered": 0.0, "percent_covered_display": "0", "missing_lines": 3, "excluded_lines": 0}, "missing_lines": [324, 327, 334], "excluded_lines": []}, "DisbursementForm.clean": {"executed_lines": [], "summary": {"covered_lines": 0, "num_statements": 11, "percent_covered": 0.0, "percent_covered_display": "0", "missing_lines": 11, "excluded_lines": 0}, "missing_lines": [342, 343, 344, 346, 347, 350, 358, 361, 362, 363, 369], "excluded_lines": []}, "": {"executed_lines": [], "summary": {"covered_lines": 0, "num_statements": 35, "percent_covered": 0.0, "percent_covered_display": "0", "missing_lines": 35, "excluded_lines": 0}, "missing_lines": [8, 9, 10, 11, 13, 14, 15, 18, 27, 28, 29, 38, 73, 85, 136, 145, 146, 147, 157, 198, 219, 253, 262, 270, 271, 272, 282, 323, 338, 372, 377, 378, 379, 386, 412], "excluded_lines": []}}, "classes": {"AllotmentReleaseForm": {"executed_lines": [], "summary": {"covered_lines": 0, "num_statements": 21, "percent_covered": 0.0, "percent_covered_display": "0", "missing_lines": 21, "excluded_lines": 0}, "missing_lines": [74, 77, 82, 83, 89, 90, 91, 92, 94, 95, 98, 104, 105, 107, 108, 114, 122, 125, 126, 127, 133], "excluded_lines": []}, "AllotmentReleaseForm.Meta": {"executed_lines": [], "summary": {"covered_lines": 0, "num_statements": 0, "percent_covered": 100.0, "percent_covered_display": "100", "missing_lines": 0, "excluded_lines": 0}, "missing_lines": [], "excluded_lines": []}, "ObligationForm": {"executed_lines": [], "summary": {"covered_lines": 0, "num_statements": 17, "percent_covered": 0.0, "percent_covered_display": "0", "missing_lines": 17, "excluded_lines": 0}, "missing_lines": [199, 202, 210, 213, 216, 217, 223, 224, 225, 227, 228, 231, 239, 242, 243, 244, 250], "excluded_lines": []}, "ObligationForm.Meta": {"executed_lines": [], "summary": {"covered_lines": 0, "num_statements": 0, "percent_covered": 100.0, "percent_covered_display": "100", "missing_lines": 0, "excluded_lines": 0}, "missing_lines": [], "excluded_lines": []}, "DisbursementForm": {"executed_lines": [], "summary": {"covered_lines": 0, "num_statements": 14, "percent_covered": 0.0, "percent_covered_display": "0", "missing_lines": 14, "excluded_lines": 0}, "missing_lines": [324, 327, 334, 342, 343, 344, 346, 347, 350, 358, 361, 362, 363, 369], "excluded_lines": []}, "DisbursementForm.Meta": {"executed_lines": [], "summary": {"covered_lines": 0, "num_statements": 0, "percent_covered": 100.0, "percent_covered_display": "100", "missing_lines": 0, "excluded_lines": 0}, "missing_lines": [], "excluded_lines": []}, "DisbursementLineItemForm": {"executed_lines": [], "summary": {"covered_lines": 0, "num_statements": 0, "percent_covered": 100.0, "percent_covered_display": "100", "missing_lines": 0, "excluded_lines": 0}, "missing_lines": [], "excluded_lines": []}, "DisbursementLineItemForm.Meta": {"executed_lines": [], "summary": {"covered_lines": 0, "num_statements": 0, "percent_covered": 100.0, "percent_covered_display": "100", "missing_lines": 0, "excluded_lines": 0}, "missing_lines": [], "excluded_lines": []}, "": {"executed_lines": [], "summary": {"covered_lines": 0, "num_statements": 35, "percent_covered": 0.0, "percent_covered_display": "0", "missing_lines": 35, "excluded_lines": 0}, "missing_lines": [8, 9, 10, 11, 13, 14, 15, 18, 27, 28, 29, 38, 73, 85, 136, 145, 146, 147, 157, 198, 219, 253, 262, 270, 271, 272, 282, 323, 338, 372, 377, 378, 379, 386, 412], "excluded_lines": []}}}, "budget_execution/management/__init__.py": {"executed_lines": [], "summary": {"covered_lines": 0, "num_statements": 0, "percent_covered": 100.0, "percent_covered_display": "100", "missing_lines": 0, "excluded_lines": 0}, "missing_lines": [], "excluded_lines": [], "functions": {"": {"executed_lines": [], "summary": {"covered_lines": 0, "num_statements": 0, "percent_covered": 100.0, "percent_covered_display": "100", "missing_lines": 0, "excluded_lines": 0}, "missing_lines": [], "excluded_lines": []}}, "classes": {"": {"executed_lines": [], "summary": {"covered_lines": 0, "num_statements": 0, "percent_covered": 100.0, "percent_covered_display": "100", "missing_lines": 0, "excluded_lines": 0}, "missing_lines": [], "excluded_lines": []}}}, "budget_execution/management/commands/__init__.py": {"executed_lines": [], "summary": {"covered_lines": 0, "num_statements": 0, "percent_covered": 100.0, "percent_covered_display": "100", "missing_lines": 0, "excluded_lines": 0}, "missing_lines": [], "excluded_lines": [], "functions": {"": {"executed_lines": [], "summary": {"covered_lines": 0, "num_statements": 0, "percent_covered": 100.0, "percent_covered_display": "100", "missing_lines": 0, "excluded_lines": 0}, "missing_lines": [], "excluded_lines": []}}, "classes": {"": {"executed_lines": [], "summary": {"covered_lines": 0, "num_statements": 0, "percent_covered": 100.0, "percent_covered_display": "100", "missing_lines": 0, "excluded_lines": 0}, "missing_lines": [], "excluded_lines": []}}}, "budget_execution/management/commands/generate_sample_budgets.py": {"executed_lines": [], "summary": {"covered_lines": 0, "num_statements": 55, "percent_covered": 0.0, "percent_covered_display": "0", "missing_lines": 55, "excluded_lines": 0}, "missing_lines": [3, 5, 6, 8, 9, 10, 11, 13, 14, 15, 16, 18, 21, 22, 24, 25, 26, 27, 29, 30, 31, 32, 33, 34, 35, 37, 38, 39, 42, 48, 49, 50, 57, 58, 59, 62, 64, 73, 85, 86, 87, 88, 98, 99, 104, 106, 107, 108, 119, 120, 130, 131, 142, 143, 145], "excluded_lines": [], "functions": {"Command.add_arguments": {"executed_lines": [], "summary": {"covered_lines": 0, "num_statements": 3, "percent_covered": 0.0, "percent_covered_display": "0", "missing_lines": 3, "excluded_lines": 0}, "missing_lines": [25, 26, 27], "excluded_lines": []}, "Command.handle": {"executed_lines": [], "summary": {"covered_lines": 0, "num_statements": 35, "percent_covered": 0.0, "percent_covered_display": "0", "missing_lines": 35, "excluded_lines": 0}, "missing_lines": [31, 32, 33, 34, 35, 37, 38, 39, 42, 48, 49, 50, 57, 58, 59, 62, 64, 73, 85, 86, 87, 88, 98, 99, 104, 106, 107, 108, 119, 120, 130, 131, 142, 143, 145], "excluded_lines": []}, "": {"executed_lines": [], "summary": {"covered_lines": 0, "num_statements": 17, "percent_covered": 0.0, "percent_covered_display": "0", "missing_lines": 17, "excluded_lines": 0}, "missing_lines": [3, 5, 6, 8, 9, 10, 11, 13, 14, 15, 16, 18, 21, 22, 24, 29, 30], "excluded_lines": []}}, "classes": {"Command": {"executed_lines": [], "summary": {"covered_lines": 0, "num_statements": 38, "percent_covered": 0.0, "percent_covered_display": "0", "missing_lines": 38, "excluded_lines": 0}, "missing_lines": [25, 26, 27, 31, 32, 33, 34, 35, 37, 38, 39, 42, 48, 49, 50, 57, 58, 59, 62, 64, 73, 85, 86, 87, 88, 98, 99, 104, 106, 107, 108, 119, 120, 130, 131, 142, 143, 145], "excluded_lines": []}, "": {"executed_lines": [], "summary": {"covered_lines": 0, "num_statements": 17, "percent_covered": 0.0, "percent_covered_display": "0", "missing_lines": 17, "excluded_lines": 0}, "missing_lines": [3, 5, 6, 8, 9, 10, 11, 13, 14, 15, 16, 18, 21, 22, 24, 29, 30], "excluded_lines": []}}}, "budget_execution/migrations/0001_initial.py": {"executed_lines": [], "summary": {"covered_lines": 0, "num_statements": 10, "percent_covered": 0.0, "percent_covered_display": "0", "missing_lines": 10, "excluded_lines": 0}, "missing_lines": [3, 4, 5, 6, 7, 8, 11, 13, 15, 24], "excluded_lines": [], "functions": {"": {"executed_lines": [], "summary": {"covered_lines": 0, "num_statements": 10, "percent_covered": 0.0, "percent_covered_display": "0", "missing_lines": 10, "excluded_lines": 0}, "missing_lines": [3, 4, 5, 6, 7, 8, 11, 13, 15, 24], "excluded_lines": []}}, "classes": {"Migration": {"executed_lines": [], "summary": {"covered_lines": 0, "num_statements": 0, "percent_covered": 100.0, "percent_covered_display": "100", "missing_lines": 0, "excluded_lines": 0}, "missing_lines": [], "excluded_lines": []}, "": {"executed_lines": [], "summary": {"covered_lines": 0, "num_statements": 10, "percent_covered": 0.0, "percent_covered_display": "0", "missing_lines": 10, "excluded_lines": 0}, "missing_lines": [3, 4, 5, 6, 7, 8, 11, 13, 15, 24], "excluded_lines": []}}}, "budget_execution/migrations/__init__.py": {"executed_lines": [], "summary": {"covered_lines": 0, "num_statements": 0, "percent_covered": 100.0, "percent_covered_display": "100", "missing_lines": 0, "excluded_lines": 0}, "missing_lines": [], "excluded_lines": [], "functions": {"": {"executed_lines": [], "summary": {"covered_lines": 0, "num_statements": 0, "percent_covered": 100.0, "percent_covered_display": "100", "missing_lines": 0, "excluded_lines": 0}, "missing_lines": [], "excluded_lines": []}}, "classes": {"": {"executed_lines": [], "summary": {"covered_lines": 0, "num_statements": 0, "percent_covered": 100.0, "percent_covered_display": "100", "missing_lines": 0, "excluded_lines": 0}, "missing_lines": [], "excluded_lines": []}}}, "budget_execution/models/__init__.py": {"executed_lines": [1, 2, 3, 4, 6], "summary": {"covered_lines": 5, "num_statements": 5, "percent_covered": 100.0, "percent_covered_display": "100", "missing_lines": 0, "excluded_lines": 0}, "missing_lines": [], "excluded_lines": [], "functions": {"": {"executed_lines": [1, 2, 3, 4, 6], "summary": {"covered_lines": 5, "num_statements": 5, "percent_covered": 100.0, "percent_covered_display": "100", "missing_lines": 0, "excluded_lines": 0}, "missing_lines": [], "excluded_lines": []}}, "classes": {"": {"executed_lines": [1, 2, 3, 4, 6], "summary": {"covered_lines": 5, "num_statements": 5, "percent_covered": 100.0, "percent_covered_display": "100", "missing_lines": 0, "excluded_lines": 0}, "missing_lines": [], "excluded_lines": []}}}, "budget_execution/models/allotment.py": {"executed_lines": [1, 2, 3, 4, 5, 8, 9, 18, 25, 34, 41, 49, 55, 63, 72, 77, 84, 90, 91, 92, 98, 99, 100, 101, 102, 103, 104, 109, 120, 123, 152, 157, 164, 168], "summary": {"covered_lines": 33, "num_statements": 49, "percent_covered": 67.34693877551021, "percent_covered_display": "67", "missing_lines": 16, "excluded_lines": 0}, "missing_lines": [121, 130, 131, 136, 137, 143, 146, 147, 154, 155, 159, 160, 166, 170, 171, 172], "excluded_lines": [], "functions": {"Allotment.__str__": {"executed_lines": [], "summary": {"covered_lines": 0, "num_statements": 1, "percent_covered": 0.0, "percent_covered_display": "0", "missing_lines": 1, "excluded_lines": 0}, "missing_lines": [121], "excluded_lines": []}, "Allotment.clean": {"executed_lines": [], "summary": {"covered_lines": 0, "num_statements": 7, "percent_covered": 0.0, "percent_covered_display": "0", "missing_lines": 7, "excluded_lines": 0}, "missing_lines": [130, 131, 136, 137, 143, 146, 147], "excluded_lines": []}, "Allotment.save": {"executed_lines": [], "summary": {"covered_lines": 0, "num_statements": 2, "percent_covered": 0.0, "percent_covered_display": "0", "missing_lines": 2, "excluded_lines": 0}, "missing_lines": [154, 155], "excluded_lines": []}, "Allotment.get_obligated_amount": {"executed_lines": [], "summary": {"covered_lines": 0, "num_statements": 2, "percent_covered": 0.0, "percent_covered_display": "0", "missing_lines": 2, "excluded_lines": 0}, "missing_lines": [159, 160], "excluded_lines": []}, "Allotment.get_remaining_balance": {"executed_lines": [], "summary": {"covered_lines": 0, "num_statements": 1, "percent_covered": 0.0, "percent_covered_display": "0", "missing_lines": 1, "excluded_lines": 0}, "missing_lines": [166], "excluded_lines": []}, "Allotment.get_utilization_rate": {"executed_lines": [], "summary": {"covered_lines": 0, "num_statements": 3, "percent_covered": 0.0, "percent_covered_display": "0", "missing_lines": 3, "excluded_lines": 0}, "missing_lines": [170, 171, 172], "excluded_lines": []}, "": {"executed_lines": [1, 2, 3, 4, 5, 8, 9, 18, 25, 34, 41, 49, 55, 63, 72, 77, 84, 90, 91, 92, 98, 99, 100, 101, 102, 103, 104, 109, 120, 123, 152, 157, 164, 168], "summary": {"covered_lines": 33, "num_statements": 33, "percent_covered": 100.0, "percent_covered_display": "100", "missing_lines": 0, "excluded_lines": 0}, "missing_lines": [], "excluded_lines": []}}, "classes": {"Allotment": {"executed_lines": [], "summary": {"covered_lines": 0, "num_statements": 16, "percent_covered": 0.0, "percent_covered_display": "0", "missing_lines": 16, "excluded_lines": 0}, "missing_lines": [121, 130, 131, 136, 137, 143, 146, 147, 154, 155, 159, 160, 166, 170, 171, 172], "excluded_lines": []}, "Allotment.Meta": {"executed_lines": [], "summary": {"covered_lines": 0, "num_statements": 0, "percent_covered": 100.0, "percent_covered_display": "100", "missing_lines": 0, "excluded_lines": 0}, "missing_lines": [], "excluded_lines": []}, "": {"executed_lines": [1, 2, 3, 4, 5, 8, 9, 18, 25, 34, 41, 49, 55, 63, 72, 77, 84, 90, 91, 92, 98, 99, 100, 101, 102, 103, 104, 109, 120, 123, 152, 157, 164, 168], "summary": {"covered_lines": 33, "num_statements": 33, "percent_covered": 100.0, "percent_covered_display": "100", "missing_lines": 0, "excluded_lines": 0}, "missing_lines": [], "excluded_lines": []}}}, "budget_execution/models/disbursement.py": {"executed_lines": [1, 2, 3, 4, 5, 8, 9, 15, 22, 23, 24, 25, 26, 27, 28, 29, 30, 31, 32, 33, 35, 36, 37, 38, 39, 40, 44, 48, 51, 58], "summary": {"covered_lines": 29, "num_statements": 37, "percent_covered": 78.37837837837837, "percent_covered_display": "78", "missing_lines": 8, "excluded_lines": 0}, "missing_lines": [49, 52, 53, 54, 55, 56, 59, 60], "excluded_lines": [], "functions": {"Disbursement.__str__": {"executed_lines": [], "summary": {"covered_lines": 0, "num_statements": 1, "percent_covered": 0.0, "percent_covered_display": "0", "missing_lines": 1, "excluded_lines": 0}, "missing_lines": [49], "excluded_lines": []}, "Disbursement.clean": {"executed_lines": [], "summary": {"covered_lines": 0, "num_statements": 5, "percent_covered": 0.0, "percent_covered_display": "0", "missing_lines": 5, "excluded_lines": 0}, "missing_lines": [52, 53, 54, 55, 56], "excluded_lines": []}, "Disbursement.save": {"executed_lines": [], "summary": {"covered_lines": 0, "num_statements": 2, "percent_covered": 0.0, "percent_covered_display": "0", "missing_lines": 2, "excluded_lines": 0}, "missing_lines": [59, 60], "excluded_lines": []}, "": {"executed_lines": [1, 2, 3, 4, 5, 8, 9, 15, 22, 23, 24, 25, 26, 27, 28, 29, 30, 31, 32, 33, 35, 36, 37, 38, 39, 40, 44, 48, 51, 58], "summary": {"covered_lines": 29, "num_statements": 29, "percent_covered": 100.0, "percent_covered_display": "100", "missing_lines": 0, "excluded_lines": 0}, "missing_lines": [], "excluded_lines": []}}, "classes": {"Disbursement": {"executed_lines": [], "summary": {"covered_lines": 0, "num_statements": 8, "percent_covered": 0.0, "percent_covered_display": "0", "missing_lines": 8, "excluded_lines": 0}, "missing_lines": [49, 52, 53, 54, 55, 56, 59, 60], "excluded_lines": []}, "Disbursement.Meta": {"executed_lines": [], "summary": {"covered_lines": 0, "num_statements": 0, "percent_covered": 100.0, "percent_covered_display": "100", "missing_lines": 0, "excluded_lines": 0}, "missing_lines": [], "excluded_lines": []}, "": {"executed_lines": [1, 2, 3, 4, 5, 8, 9, 15, 22, 23, 24, 25, 26, 27, 28, 29, 30, 31, 32, 33, 35, 36, 37, 38, 39, 40, 44, 48, 51, 58], "summary": {"covered_lines": 29, "num_statements": 29, "percent_covered": 100.0, "percent_covered_display": "100", "missing_lines": 0, "excluded_lines": 0}, "missing_lines": [], "excluded_lines": []}}}, "budget_execution/models/obligation.py": {"executed_lines": [1, 2, 3, 4, 5, 8, 9, 15, 23, 24, 25, 26, 27, 28, 29, 30, 31, 32, 33, 34, 36, 37, 38, 39, 40, 41, 45, 49, 52, 59, 63, 67], "summary": {"covered_lines": 31, "num_statements": 42, "percent_covered": 73.80952380952381, "percent_covered_display": "74", "missing_lines": 11, "excluded_lines": 0}, "missing_lines": [50, 53, 54, 55, 56, 57, 60, 61, 64, 65, 68], "excluded_lines": [], "functions": {"Obligation.__str__": {"executed_lines": [], "summary": {"covered_lines": 0, "num_statements": 1, "percent_covered": 0.0, "percent_covered_display": "0", "missing_lines": 1, "excluded_lines": 0}, "missing_lines": [50], "excluded_lines": []}, "Obligation.clean": {"executed_lines": [], "summary": {"covered_lines": 0, "num_statements": 5, "percent_covered": 0.0, "percent_covered_display": "0", "missing_lines": 5, "excluded_lines": 0}, "missing_lines": [53, 54, 55, 56, 57], "excluded_lines": []}, "Obligation.save": {"executed_lines": [], "summary": {"covered_lines": 0, "num_statements": 2, "percent_covered": 0.0, "percent_covered_display": "0", "missing_lines": 2, "excluded_lines": 0}, "missing_lines": [60, 61], "excluded_lines": []}, "Obligation.get_disbursed_amount": {"executed_lines": [], "summary": {"covered_lines": 0, "num_statements": 2, "percent_covered": 0.0, "percent_covered_display": "0", "missing_lines": 2, "excluded_lines": 0}, "missing_lines": [64, 65], "excluded_lines": []}, "Obligation.get_remaining_balance": {"executed_lines": [], "summary": {"covered_lines": 0, "num_statements": 1, "percent_covered": 0.0, "percent_covered_display": "0", "missing_lines": 1, "excluded_lines": 0}, "missing_lines": [68], "excluded_lines": []}, "": {"executed_lines": [1, 2, 3, 4, 5, 8, 9, 15, 23, 24, 25, 26, 27, 28, 29, 30, 31, 32, 33, 34, 36, 37, 38, 39, 40, 41, 45, 49, 52, 59, 63, 67], "summary": {"covered_lines": 31, "num_statements": 31, "percent_covered": 100.0, "percent_covered_display": "100", "missing_lines": 0, "excluded_lines": 0}, "missing_lines": [], "excluded_lines": []}}, "classes": {"Obligation": {"executed_lines": [], "summary": {"covered_lines": 0, "num_statements": 11, "percent_covered": 0.0, "percent_covered_display": "0", "missing_lines": 11, "excluded_lines": 0}, "missing_lines": [50, 53, 54, 55, 56, 57, 60, 61, 64, 65, 68], "excluded_lines": []}, "Obligation.Meta": {"executed_lines": [], "summary": {"covered_lines": 0, "num_statements": 0, "percent_covered": 100.0, "percent_covered_display": "100", "missing_lines": 0, "excluded_lines": 0}, "missing_lines": [], "excluded_lines": []}, "": {"executed_lines": [1, 2, 3, 4, 5, 8, 9, 15, 23, 24, 25, 26, 27, 28, 29, 30, 31, 32, 33, 34, 36, 37, 38, 39, 40, 41, 45, 49, 52, 59, 63, 67], "summary": {"covered_lines": 31, "num_statements": 31, "percent_covered": 100.0, "percent_covered_display": "100", "missing_lines": 0, "excluded_lines": 0}, "missing_lines": [], "excluded_lines": []}}}, "budget_execution/models/work_item.py": {"executed_lines": [1, 2, 3, 4, 7, 8, 13, 14, 15, 16, 17, 18, 19, 20, 21, 23, 24, 25, 26, 27, 28, 32, 36], "summary": {"covered_lines": 22, "num_statements": 23, "percent_covered": 95.65217391304348, "percent_covered_display": "96", "missing_lines": 1, "excluded_lines": 0}, "missing_lines": [37], "excluded_lines": [], "functions": {"DisbursementLineItem.__str__": {"executed_lines": [], "summary": {"covered_lines": 0, "num_statements": 1, "percent_covered": 0.0, "percent_covered_display": "0", "missing_lines": 1, "excluded_lines": 0}, "missing_lines": [37], "excluded_lines": []}, "": {"executed_lines": [1, 2, 3, 4, 7, 8, 13, 14, 15, 16, 17, 18, 19, 20, 21, 23, 24, 25, 26, 27, 28, 32, 36], "summary": {"covered_lines": 22, "num_statements": 22, "percent_covered": 100.0, "percent_covered_display": "100", "missing_lines": 0, "excluded_lines": 0}, "missing_lines": [], "excluded_lines": []}}, "classes": {"DisbursementLineItem": {"executed_lines": [], "summary": {"covered_lines": 0, "num_statements": 1, "percent_covered": 0.0, "percent_covered_display": "0", "missing_lines": 1, "excluded_lines": 0}, "missing_lines": [37], "excluded_lines": []}, "DisbursementLineItem.Meta": {"executed_lines": [], "summary": {"covered_lines": 0, "num_statements": 0, "percent_covered": 100.0, "percent_covered_display": "100", "missing_lines": 0, "excluded_lines": 0}, "missing_lines": [], "excluded_lines": []}, "": {"executed_lines": [1, 2, 3, 4, 7, 8, 13, 14, 15, 16, 17, 18, 19, 20, 21, 23, 24, 25, 26, 27, 28, 32, 36], "summary": {"covered_lines": 22, "num_statements": 22, "percent_covered": 100.0, "percent_covered_display": "100", "missing_lines": 0, "excluded_lines": 0}, "missing_lines": [], "excluded_lines": []}}}, "budget_execution/permissions.py": {"executed_lines": [], "summary": {"covered_lines": 0, "num_statements": 103, "percent_covered": 0.0, "percent_covered_display": "0", "missing_lines": 103, "excluded_lines": 8}, "missing_lines": [8, 9, 10, 18, 27, 28, 31, 32, 35, 36, 38, 41, 50, 51, 54, 55, 58, 59, 61, 64, 73, 74, 77, 78, 81, 82, 84, 87, 96, 97, 100, 101, 104, 105, 107, 115, 124, 125, 126, 127, 130, 132, 135, 144, 145, 146, 147, 150, 152, 155, 164, 165, 166, 167, 170, 172, 175, 184, 185, 186, 187, 190, 192, 200, 209, 210, 211, 214, 217, 226, 227, 228, 231, 234, 243, 244, 245, 248, 251, 260, 261, 262, 265, 273, 274, 276, 280, 282, 283, 285, 289, 291, 292, 294, 298, 300, 301, 303, 307, 309, 310, 312, 314], "excluded_lines": [116, 136, 156, 176, 201, 218, 235, 252], "functions": {"is_budget_officer": {"executed_lines": [], "summary": {"covered_lines": 0, "num_statements": 7, "percent_covered": 0.0, "percent_covered_display": "0", "missing_lines": 7, "excluded_lines": 0}, "missing_lines": [27, 28, 31, 32, 35, 36, 38], "excluded_lines": []}, "is_finance_director": {"executed_lines": [], "summary": {"covered_lines": 0, "num_statements": 7, "percent_covered": 0.0, "percent_covered_display": "0", "missing_lines": 7, "excluded_lines": 0}, "missing_lines": [50, 51, 54, 55, 58, 59, 61], "excluded_lines": []}, "is_finance_staff": {"executed_lines": [], "summary": {"covered_lines": 0, "num_statements": 7, "percent_covered": 0.0, "percent_covered_display": "0", "missing_lines": 7, "excluded_lines": 0}, "missing_lines": [73, 74, 77, 78, 81, 82, 84], "excluded_lines": []}, "can_disburse": {"executed_lines": [], "summary": {"covered_lines": 0, "num_statements": 7, "percent_covered": 0.0, "percent_covered_display": "0", "missing_lines": 7, "excluded_lines": 0}, "missing_lines": [96, 97, 100, 101, 104, 105, 107], "excluded_lines": []}, "budget_officer_required": {"executed_lines": [], "summary": {"covered_lines": 0, "num_statements": 3, "percent_covered": 0.0, "percent_covered_display": "0", "missing_lines": 3, "excluded_lines": 1}, "missing_lines": [124, 125, 132], "excluded_lines": [116]}, "budget_officer_required.wrapped_view": {"executed_lines": [], "summary": {"covered_lines": 0, "num_statements": 3, "percent_covered": 0.0, "percent_covered_display": "0", "missing_lines": 3, "excluded_lines": 0}, "missing_lines": [126, 127, 130], "excluded_lines": []}, "finance_director_required": {"executed_lines": [], "summary": {"covered_lines": 0, "num_statements": 3, "percent_covered": 0.0, "percent_covered_display": "0", "missing_lines": 3, "excluded_lines": 1}, "missing_lines": [144, 145, 152], "excluded_lines": [136]}, "finance_director_required.wrapped_view": {"executed_lines": [], "summary": {"covered_lines": 0, "num_statements": 3, "percent_covered": 0.0, "percent_covered_display": "0", "missing_lines": 3, "excluded_lines": 0}, "missing_lines": [146, 147, 150], "excluded_lines": []}, "finance_staff_required": {"executed_lines": [], "summary": {"covered_lines": 0, "num_statements": 3, "percent_covered": 0.0, "percent_covered_display": "0", "missing_lines": 3, "excluded_lines": 1}, "missing_lines": [164, 165, 172], "excluded_lines": [156]}, "finance_staff_required.wrapped_view": {"executed_lines": [], "summary": {"covered_lines": 0, "num_statements": 3, "percent_covered": 0.0, "percent_covered_display": "0", "missing_lines": 3, "excluded_lines": 0}, "missing_lines": [166, 167, 170], "excluded_lines": []}, "disbursement_officer_required": {"executed_lines": [], "summary": {"covered_lines": 0, "num_statements": 3, "percent_covered": 0.0, "percent_covered_display": "0", "missing_lines": 3, "excluded_lines": 1}, "missing_lines": [184, 185, 192], "excluded_lines": [176]}, "disbursement_officer_required.wrapped_view": {"executed_lines": [], "summary": {"covered_lines": 0, "num_statements": 3, "percent_covered": 0.0, "percent_covered_display": "0", "missing_lines": 3, "excluded_lines": 0}, "missing_lines": [186, 187, 190], "excluded_lines": []}, "BudgetOfficerMixin.dispatch": {"executed_lines": [], "summary": {"covered_lines": 0, "num_statements": 3, "percent_covered": 0.0, "percent_covered_display": "0", "missing_lines": 3, "excluded_lines": 0}, "missing_lines": [210, 211, 214], "excluded_lines": []}, "FinanceDirectorMixin.dispatch": {"executed_lines": [], "summary": {"covered_lines": 0, "num_statements": 3, "percent_covered": 0.0, "percent_covered_display": "0", "missing_lines": 3, "excluded_lines": 0}, "missing_lines": [227, 228, 231], "excluded_lines": []}, "FinanceStaffMixin.dispatch": {"executed_lines": [], "summary": {"covered_lines": 0, "num_statements": 3, "percent_covered": 0.0, "percent_covered_display": "0", "missing_lines": 3, "excluded_lines": 0}, "missing_lines": [244, 245, 248], "excluded_lines": []}, "DisbursementOfficerMixin.dispatch": {"executed_lines": [], "summary": {"covered_lines": 0, "num_statements": 3, "percent_covered": 0.0, "percent_covered_display": "0", "missing_lines": 3, "excluded_lines": 0}, "missing_lines": [261, 262, 265], "excluded_lines": []}, "CanReleaseAllotment.has_permission": {"executed_lines": [], "summary": {"covered_lines": 0, "num_statements": 1, "percent_covered": 0.0, "percent_covered_display": "0", "missing_lines": 1, "excluded_lines": 0}, "missing_lines": [283], "excluded_lines": []}, "CanApproveAllotment.has_permission": {"executed_lines": [], "summary": {"covered_lines": 0, "num_statements": 1, "percent_covered": 0.0, "percent_covered_display": "0", "missing_lines": 1, "excluded_lines": 0}, "missing_lines": [292], "excluded_lines": []}, "CanCreateObligation.has_permission": {"executed_lines": [], "summary": {"covered_lines": 0, "num_statements": 1, "percent_covered": 0.0, "percent_covered_display": "0", "missing_lines": 1, "excluded_lines": 0}, "missing_lines": [301], "excluded_lines": []}, "CanRecordDisbursement.has_permission": {"executed_lines": [], "summary": {"covered_lines": 0, "num_statements": 1, "percent_covered": 0.0, "percent_covered_display": "0", "missing_lines": 1, "excluded_lines": 0}, "missing_lines": [310], "excluded_lines": []}, "": {"executed_lines": [], "summary": {"covered_lines": 0, "num_statements": 35, "percent_covered": 0.0, "percent_covered_display": "0", "missing_lines": 35, "excluded_lines": 4}, "missing_lines": [8, 9, 10, 18, 41, 64, 87, 115, 135, 155, 175, 200, 209, 217, 226, 234, 243, 251, 260, 273, 274, 276, 280, 282, 285, 289, 291, 294, 298, 300, 303, 307, 309, 312, 314], "excluded_lines": [201, 218, 235, 252]}}, "classes": {"BudgetOfficerMixin": {"executed_lines": [], "summary": {"covered_lines": 0, "num_statements": 3, "percent_covered": 0.0, "percent_covered_display": "0", "missing_lines": 3, "excluded_lines": 0}, "missing_lines": [210, 211, 214], "excluded_lines": []}, "FinanceDirectorMixin": {"executed_lines": [], "summary": {"covered_lines": 0, "num_statements": 3, "percent_covered": 0.0, "percent_covered_display": "0", "missing_lines": 3, "excluded_lines": 0}, "missing_lines": [227, 228, 231], "excluded_lines": []}, "FinanceStaffMixin": {"executed_lines": [], "summary": {"covered_lines": 0, "num_statements": 3, "percent_covered": 0.0, "percent_covered_display": "0", "missing_lines": 3, "excluded_lines": 0}, "missing_lines": [244, 245, 248], "excluded_lines": []}, "DisbursementOfficerMixin": {"executed_lines": [], "summary": {"covered_lines": 0, "num_statements": 3, "percent_covered": 0.0, "percent_covered_display": "0", "missing_lines": 3, "excluded_lines": 0}, "missing_lines": [261, 262, 265], "excluded_lines": []}, "CanReleaseAllotment": {"executed_lines": [], "summary": {"covered_lines": 0, "num_statements": 1, "percent_covered": 0.0, "percent_covered_display": "0", "missing_lines": 1, "excluded_lines": 0}, "missing_lines": [283], "excluded_lines": []}, "CanApproveAllotment": {"executed_lines": [], "summary": {"covered_lines": 0, "num_statements": 1, "percent_covered": 0.0, "percent_covered_display": "0", "missing_lines": 1, "excluded_lines": 0}, "missing_lines": [292], "excluded_lines": []}, "CanCreateObligation": {"executed_lines": [], "summary": {"covered_lines": 0, "num_statements": 1, "percent_covered": 0.0, "percent_covered_display": "0", "missing_lines": 1, "excluded_lines": 0}, "missing_lines": [301], "excluded_lines": []}, "CanRecordDisbursement": {"executed_lines": [], "summary": {"covered_lines": 0, "num_statements": 1, "percent_covered": 0.0, "percent_covered_display": "0", "missing_lines": 1, "excluded_lines": 0}, "missing_lines": [310], "excluded_lines": []}, "": {"executed_lines": [], "summary": {"covered_lines": 0, "num_statements": 87, "percent_covered": 0.0, "percent_covered_display": "0", "missing_lines": 87, "excluded_lines": 8}, "missing_lines": [8, 9, 10, 18, 27, 28, 31, 32, 35, 36, 38, 41, 50, 51, 54, 55, 58, 59, 61, 64, 73, 74, 77, 78, 81, 82, 84, 87, 96, 97, 100, 101, 104, 105, 107, 115, 124, 125, 126, 127, 130, 132, 135, 144, 145, 146, 147, 150, 152, 155, 164, 165, 166, 167, 170, 172, 175, 184, 185, 186, 187, 190, 192, 200, 209, 217, 226, 234, 243, 251, 260, 273, 274, 276, 280, 282, 285, 289, 291, 294, 298, 300, 303, 307, 309, 312, 314], "excluded_lines": [116, 136, 156, 176, 201, 218, 235, 252]}}}, "budget_execution/services/__init__.py": {"executed_lines": [], "summary": {"covered_lines": 0, "num_statements": 2, "percent_covered": 0.0, "percent_covered_display": "0", "missing_lines": 2, "excluded_lines": 0}, "missing_lines": [1, 3], "excluded_lines": [], "functions": {"": {"executed_lines": [], "summary": {"covered_lines": 0, "num_statements": 2, "percent_covered": 0.0, "percent_covered_display": "0", "missing_lines": 2, "excluded_lines": 0}, "missing_lines": [1, 3], "excluded_lines": []}}, "classes": {"": {"executed_lines": [], "summary": {"covered_lines": 0, "num_statements": 2, "percent_covered": 0.0, "percent_covered_display": "0", "missing_lines": 2, "excluded_lines": 0}, "missing_lines": [1, 3], "excluded_lines": []}}}, "budget_execution/services/allotment_release.py": {"executed_lines": [], "summary": {"covered_lines": 0, "num_statements": 56, "percent_covered": 0.0, "percent_covered_display": "0", "missing_lines": 56, "excluded_lines": 0}, "missing_lines": [12, 13, 14, 15, 16, 17, 19, 20, 21, 23, 26, 38, 39, 68, 69, 75, 80, 81, 87, 98, 104, 106, 107, 118, 119, 120, 122, 127, 133, 134, 165, 177, 184, 186, 187, 198, 199, 200, 202, 207, 213, 214, 248, 260, 267, 269, 270, 293, 302, 308, 314, 324, 326, 336, 338, 348], "excluded_lines": [], "functions": {"AllotmentReleaseService.release_allotment": {"executed_lines": [], "summary": {"covered_lines": 0, "num_statements": 8, "percent_covered": 0.0, "percent_covered_display": "0", "missing_lines": 8, "excluded_lines": 0}, "missing_lines": [68, 69, 75, 80, 81, 87, 98, 104], "excluded_lines": []}, "AllotmentReleaseService.update_allotment_status": {"executed_lines": [], "summary": {"covered_lines": 0, "num_statements": 5, "percent_covered": 0.0, "percent_covered_display": "0", "missing_lines": 5, "excluded_lines": 0}, "missing_lines": [118, 119, 120, 122, 127], "excluded_lines": []}, "AllotmentReleaseService.create_obligation": {"executed_lines": [], "summary": {"covered_lines": 0, "num_statements": 3, "percent_covered": 0.0, "percent_covered_display": "0", "missing_lines": 3, "excluded_lines": 0}, "missing_lines": [165, 177, 184], "excluded_lines": []}, "AllotmentReleaseService.update_obligation_status": {"executed_lines": [], "summary": {"covered_lines": 0, "num_statements": 5, "percent_covered": 0.0, "percent_covered_display": "0", "missing_lines": 5, "excluded_lines": 0}, "missing_lines": [198, 199, 200, 202, 207], "excluded_lines": []}, "AllotmentReleaseService.record_disbursement": {"executed_lines": [], "summary": {"covered_lines": 0, "num_statements": 3, "percent_covered": 0.0, "percent_covered_display": "0", "missing_lines": 3, "excluded_lines": 0}, "missing_lines": [248, 260, 267], "excluded_lines": []}, "AllotmentReleaseService.add_line_item": {"executed_lines": [], "summary": {"covered_lines": 0, "num_statements": 3, "percent_covered": 0.0, "percent_covered_display": "0", "missing_lines": 3, "excluded_lines": 0}, "missing_lines": [293, 302, 308], "excluded_lines": []}, "AllotmentReleaseService.get_available_balance": {"executed_lines": [], "summary": {"covered_lines": 0, "num_statements": 1, "percent_covered": 0.0, "percent_covered_display": "0", "missing_lines": 1, "excluded_lines": 0}, "missing_lines": [324], "excluded_lines": []}, "AllotmentReleaseService.get_obligation_balance": {"executed_lines": [], "summary": {"covered_lines": 0, "num_statements": 1, "percent_covered": 0.0, "percent_covered_display": "0", "missing_lines": 1, "excluded_lines": 0}, "missing_lines": [336], "excluded_lines": []}, "AllotmentReleaseService.get_utilization_rate": {"executed_lines": [], "summary": {"covered_lines": 0, "num_statements": 1, "percent_covered": 0.0, "percent_covered_display": "0", "missing_lines": 1, "excluded_lines": 0}, "missing_lines": [348], "excluded_lines": []}, "": {"executed_lines": [], "summary": {"covered_lines": 0, "num_statements": 26, "percent_covered": 0.0, "percent_covered_display": "0", "missing_lines": 26, "excluded_lines": 0}, "missing_lines": [12, 13, 14, 15, 16, 17, 19, 20, 21, 23, 26, 38, 39, 106, 107, 133, 134, 186, 187, 213, 214, 269, 270, 314, 326, 338], "excluded_lines": []}}, "classes": {"AllotmentReleaseService": {"executed_lines": [], "summary": {"covered_lines": 0, "num_statements": 30, "percent_covered": 0.0, "percent_covered_display": "0", "missing_lines": 30, "excluded_lines": 0}, "missing_lines": [68, 69, 75, 80, 81, 87, 98, 104, 118, 119, 120, 122, 127, 165, 177, 184, 198, 199, 200, 202, 207, 248, 260, 267, 293, 302, 308, 324, 336, 348], "excluded_lines": []}, "": {"executed_lines": [], "summary": {"covered_lines": 0, "num_statements": 26, "percent_covered": 0.0, "percent_covered_display": "0", "missing_lines": 26, "excluded_lines": 0}, "missing_lines": [12, 13, 14, 15, 16, 17, 19, 20, 21, 23, 26, 38, 39, 106, 107, 133, 134, 186, 187, 213, 214, 269, 270, 314, 326, 338], "excluded_lines": []}}}, "budget_execution/signals.py": {"executed_lines": [1, 14, 15, 16, 17, 19, 21, 28, 29, 41, 42, 71, 72, 85, 86, 97, 98, 126, 127, 140, 141, 151, 152, 174, 175, 188, 189, 200, 201], "summary": {"covered_lines": 28, "num_statements": 75, "percent_covered": 37.333333333333336, "percent_covered_display": "37", "missing_lines": 47, "excluded_lines": 0}, "missing_lines": [31, 33, 34, 35, 36, 37, 38, 44, 45, 54, 55, 57, 58, 64, 65, 74, 88, 89, 90, 91, 92, 93, 94, 100, 101, 109, 110, 112, 113, 119, 120, 129, 143, 144, 145, 146, 147, 148, 154, 155, 164, 166, 167, 177, 191, 192, 203], "excluded_lines": [], "functions": {"allotment_pre_save": {"executed_lines": [], "summary": {"covered_lines": 0, "num_statements": 7, "percent_covered": 0.0, "percent_covered_display": "0", "missing_lines": 7, "excluded_lines": 0}, "missing_lines": [31, 33, 34, 35, 36, 37, 38], "excluded_lines": []}, "allotment_post_save": {"executed_lines": [], "summary": {"covered_lines": 0, "num_statements": 8, "percent_covered": 0.0, "percent_covered_display": "0", "missing_lines": 8, "excluded_lines": 0}, "missing_lines": [44, 45, 54, 55, 57, 58, 64, 65], "excluded_lines": []}, "allotment_deleted": {"executed_lines": [], "summary": {"covered_lines": 0, "num_statements": 1, "percent_covered": 0.0, "percent_covered_display": "0", "missing_lines": 1, "excluded_lines": 0}, "missing_lines": [74], "excluded_lines": []}, "obligation_pre_save": {"executed_lines": [], "summary": {"covered_lines": 0, "num_statements": 7, "percent_covered": 0.0, "percent_covered_display": "0", "missing_lines": 7, "excluded_lines": 0}, "missing_lines": [88, 89, 90, 91, 92, 93, 94], "excluded_lines": []}, "obligation_post_save": {"executed_lines": [], "summary": {"covered_lines": 0, "num_statements": 8, "percent_covered": 0.0, "percent_covered_display": "0", "missing_lines": 8, "excluded_lines": 0}, "missing_lines": [100, 101, 109, 110, 112, 113, 119, 120], "excluded_lines": []}, "obligation_deleted": {"executed_lines": [], "summary": {"covered_lines": 0, "num_statements": 1, "percent_covered": 0.0, "percent_covered_display": "0", "missing_lines": 1, "excluded_lines": 0}, "missing_lines": [129], "excluded_lines": []}, "disbursement_pre_save": {"executed_lines": [], "summary": {"covered_lines": 0, "num_statements": 6, "percent_covered": 0.0, "percent_covered_display": "0", "missing_lines": 6, "excluded_lines": 0}, "missing_lines": [143, 144, 145, 146, 147, 148], "excluded_lines": []}, "disbursement_post_save": {"executed_lines": [], "summary": {"covered_lines": 0, "num_statements": 5, "percent_covered": 0.0, "percent_covered_display": "0", "missing_lines": 5, "excluded_lines": 0}, "missing_lines": [154, 155, 164, 166, 167], "excluded_lines": []}, "disbursement_deleted": {"executed_lines": [], "summary": {"covered_lines": 0, "num_statements": 1, "percent_covered": 0.0, "percent_covered_display": "0", "missing_lines": 1, "excluded_lines": 0}, "missing_lines": [177], "excluded_lines": []}, "line_item_post_save": {"executed_lines": [], "summary": {"covered_lines": 0, "num_statements": 2, "percent_covered": 0.0, "percent_covered_display": "0", "missing_lines": 2, "excluded_lines": 0}, "missing_lines": [191, 192], "excluded_lines": []}, "line_item_deleted": {"executed_lines": [], "summary": {"covered_lines": 0, "num_statements": 1, "percent_covered": 0.0, "percent_covered_display": "0", "missing_lines": 1, "excluded_lines": 0}, "missing_lines": [203], "excluded_lines": []}, "": {"executed_lines": [1, 14, 15, 16, 17, 19, 21, 28, 29, 41, 42, 71, 72, 85, 86, 97, 98, 126, 127, 140, 141, 151, 152, 174, 175, 188, 189, 200, 201], "summary": {"covered_lines": 28, "num_statements": 28, "percent_covered": 100.0, "percent_covered_display": "100", "missing_lines": 0, "excluded_lines": 0}, "missing_lines": [], "excluded_lines": []}}, "classes": {"": {"executed_lines": [1, 14, 15, 16, 17, 19, 21, 28, 29, 41, 42, 71, 72, 85, 86, 97, 98, 126, 127, 140, 141, 151, 152, 174, 175, 188, 189, 200, 201], "summary": {"covered_lines": 28, "num_statements": 75, "percent_covered": 37.333333333333336, "percent_covered_display": "37", "missing_lines": 47, "excluded_lines": 0}, "missing_lines": [31, 33, 34, 35, 36, 37, 38, 44, 45, 54, 55, 57, 58, 64, 65, 74, 88, 89, 90, 91, 92, 93, 94, 100, 101, 109, 110, 112, 113, 119, 120, 129, 143, 144, 145, 146, 147, 148, 154, 155, 164, 166, 167, 177, 191, 192, 203], "excluded_lines": []}}}, "budget_execution/tests/__init__.py": {"executed_lines": [], "summary": {"covered_lines": 0, "num_statements": 0, "percent_covered": 100.0, "percent_covered_display": "100", "missing_lines": 0, "excluded_lines": 0}, "missing_lines": [], "excluded_lines": [], "functions": {"": {"executed_lines": [], "summary": {"covered_lines": 0, "num_statements": 0, "percent_covered": 100.0, "percent_covered_display": "100", "missing_lines": 0, "excluded_lines": 0}, "missing_lines": [], "excluded_lines": []}}, "classes": {"": {"executed_lines": [], "summary": {"covered_lines": 0, "num_statements": 0, "percent_covered": 100.0, "percent_covered_display": "100", "missing_lines": 0, "excluded_lines": 0}, "missing_lines": [], "excluded_lines": []}}}, "budget_execution/tests/conftest.py": {"executed_lines": [], "summary": {"covered_lines": 0, "num_statements": 13, "percent_covered": 0.0, "percent_covered_display": "0", "missing_lines": 13, "excluded_lines": 0}, "missing_lines": [7, 10, 16, 17, 19, 22, 23, 25, 26, 29, 30, 32, 33], "excluded_lines": [], "functions": {"enable_db_access_for_all_tests": {"executed_lines": [], "summary": {"covered_lines": 0, "num_statements": 1, "percent_covered": 0.0, "percent_covered_display": "0", "missing_lines": 1, "excluded_lines": 0}, "missing_lines": [19], "excluded_lines": []}, "api_client": {"executed_lines": [], "summary": {"covered_lines": 0, "num_statements": 2, "percent_covered": 0.0, "percent_covered_display": "0", "missing_lines": 2, "excluded_lines": 0}, "missing_lines": [25, 26], "excluded_lines": []}, "authenticated_api_client": {"executed_lines": [], "summary": {"covered_lines": 0, "num_statements": 2, "percent_covered": 0.0, "percent_covered_display": "0", "missing_lines": 2, "excluded_lines": 0}, "missing_lines": [32, 33], "excluded_lines": []}, "": {"executed_lines": [], "summary": {"covered_lines": 0, "num_statements": 8, "percent_covered": 0.0, "percent_covered_display": "0", "missing_lines": 8, "excluded_lines": 0}, "missing_lines": [7, 10, 16, 17, 22, 23, 29, 30], "excluded_lines": []}}, "classes": {"": {"executed_lines": [], "summary": {"covered_lines": 0, "num_statements": 13, "percent_covered": 0.0, "percent_covered_display": "0", "missing_lines": 13, "excluded_lines": 0}, "missing_lines": [7, 10, 16, 17, 19, 22, 23, 25, 26, 29, 30, 32, 33], "excluded_lines": []}}}, "budget_execution/tests/fixtures/__init__.py": {"executed_lines": [], "summary": {"covered_lines": 0, "num_statements": 0, "percent_covered": 100.0, "percent_covered_display": "100", "missing_lines": 0, "excluded_lines": 0}, "missing_lines": [], "excluded_lines": [], "functions": {"": {"executed_lines": [], "summary": {"covered_lines": 0, "num_statements": 0, "percent_covered": 100.0, "percent_covered_display": "100", "missing_lines": 0, "excluded_lines": 0}, "missing_lines": [], "excluded_lines": []}}, "classes": {"": {"executed_lines": [], "summary": {"covered_lines": 0, "num_statements": 0, "percent_covered": 100.0, "percent_covered_display": "100", "missing_lines": 0, "excluded_lines": 0}, "missing_lines": [], "excluded_lines": []}}}, "budget_execution/tests/fixtures/execution_data.py": {"executed_lines": [], "summary": {"covered_lines": 0, "num_statements": 78, "percent_covered": 0.0, "percent_covered_display": "0", "missing_lines": 78, "excluded_lines": 0}, "missing_lines": [7, 8, 9, 10, 11, 12, 14, 17, 18, 20, 29, 30, 32, 43, 44, 46, 57, 58, 60, 70, 71, 73, 83, 84, 86, 100, 101, 103, 116, 117, 119, 132, 133, 135, 147, 148, 150, 153, 164, 175, 184, 187, 188, 198, 207, 208, 211, 212, 219, 228, 231, 239, 241, 251, 252, 259, 261, 263, 273, 279, 288, 294, 299, 301, 307, 308, 311, 313, 320, 321, 324, 326, 332, 333, 336, 338, 343, 344], "excluded_lines": [], "functions": {"execution_user": {"executed_lines": [], "summary": {"covered_lines": 0, "num_statements": 1, "percent_covered": 0.0, "percent_covered_display": "0", "missing_lines": 1, "excluded_lines": 0}, "missing_lines": [20], "excluded_lines": []}, "allotment_q1": {"executed_lines": [], "summary": {"covered_lines": 0, "num_statements": 1, "percent_covered": 0.0, "percent_covered_display": "0", "missing_lines": 1, "excluded_lines": 0}, "missing_lines": [32], "excluded_lines": []}, "allotment_q2": {"executed_lines": [], "summary": {"covered_lines": 0, "num_statements": 1, "percent_covered": 0.0, "percent_covered_display": "0", "missing_lines": 1, "excluded_lines": 0}, "missing_lines": [46], "excluded_lines": []}, "work_item": {"executed_lines": [], "summary": {"covered_lines": 0, "num_statements": 1, "percent_covered": 0.0, "percent_covered_display": "0", "missing_lines": 1, "excluded_lines": 0}, "missing_lines": [60], "excluded_lines": []}, "work_item_2": {"executed_lines": [], "summary": {"covered_lines": 0, "num_statements": 1, "percent_covered": 0.0, "percent_covered_display": "0", "missing_lines": 1, "excluded_lines": 0}, "missing_lines": [73], "excluded_lines": []}, "obligation": {"executed_lines": [], "summary": {"covered_lines": 0, "num_statements": 1, "percent_covered": 0.0, "percent_covered_display": "0", "missing_lines": 1, "excluded_lines": 0}, "missing_lines": [86], "excluded_lines": []}, "partial_obligation": {"executed_lines": [], "summary": {"covered_lines": 0, "num_statements": 1, "percent_covered": 0.0, "percent_covered_display": "0", "missing_lines": 1, "excluded_lines": 0}, "missing_lines": [103], "excluded_lines": []}, "disbursement": {"executed_lines": [], "summary": {"covered_lines": 0, "num_statements": 1, "percent_covered": 0.0, "percent_covered_display": "0", "missing_lines": 1, "excluded_lines": 0}, "missing_lines": [119], "excluded_lines": []}, "full_disbursement": {"executed_lines": [], "summary": {"covered_lines": 0, "num_statements": 1, "percent_covered": 0.0, "percent_covered_display": "0", "missing_lines": 1, "excluded_lines": 0}, "missing_lines": [135], "excluded_lines": []}, "multiple_disbursements": {"executed_lines": [], "summary": {"covered_lines": 0, "num_statements": 5, "percent_covered": 0.0, "percent_covered_display": "0", "missing_lines": 5, "excluded_lines": 0}, "missing_lines": [150, 153, 164, 175, 184], "excluded_lines": []}, "complete_execution_cycle": {"executed_lines": [], "summary": {"covered_lines": 0, "num_statements": 10, "percent_covered": 0.0, "percent_covered_display": "0", "missing_lines": 10, "excluded_lines": 0}, "missing_lines": [198, 207, 208, 211, 212, 219, 228, 231, 239, 241], "excluded_lines": []}, "multi_quarter_execution": {"executed_lines": [], "summary": {"covered_lines": 0, "num_statements": 7, "percent_covered": 0.0, "percent_covered_display": "0", "missing_lines": 7, "excluded_lines": 0}, "missing_lines": [259, 261, 263, 273, 279, 288, 294], "excluded_lines": []}, "create_allotment": {"executed_lines": [], "summary": {"covered_lines": 0, "num_statements": 3, "percent_covered": 0.0, "percent_covered_display": "0", "missing_lines": 3, "excluded_lines": 0}, "missing_lines": [301, 307, 308], "excluded_lines": []}, "create_obligation": {"executed_lines": [], "summary": {"covered_lines": 0, "num_statements": 3, "percent_covered": 0.0, "percent_covered_display": "0", "missing_lines": 3, "excluded_lines": 0}, "missing_lines": [313, 320, 321], "excluded_lines": []}, "create_disbursement": {"executed_lines": [], "summary": {"covered_lines": 0, "num_statements": 3, "percent_covered": 0.0, "percent_covered_display": "0", "missing_lines": 3, "excluded_lines": 0}, "missing_lines": [326, 332, 333], "excluded_lines": []}, "create_work_item": {"executed_lines": [], "summary": {"covered_lines": 0, "num_statements": 3, "percent_covered": 0.0, "percent_covered_display": "0", "missing_lines": 3, "excluded_lines": 0}, "missing_lines": [338, 343, 344], "excluded_lines": []}, "": {"executed_lines": [], "summary": {"covered_lines": 0, "num_statements": 35, "percent_covered": 0.0, "percent_covered_display": "0", "missing_lines": 35, "excluded_lines": 0}, "missing_lines": [7, 8, 9, 10, 11, 12, 14, 17, 18, 29, 30, 43, 44, 57, 58, 70, 71, 83, 84, 100, 101, 116, 117, 132, 133, 147, 148, 187, 188, 251, 252, 299, 311, 324, 336], "excluded_lines": []}}, "classes": {"": {"executed_lines": [], "summary": {"covered_lines": 0, "num_statements": 78, "percent_covered": 0.0, "percent_covered_display": "0", "missing_lines": 78, "excluded_lines": 0}, "missing_lines": [7, 8, 9, 10, 11, 12, 14, 17, 18, 20, 29, 30, 32, 43, 44, 46, 57, 58, 60, 70, 71, 73, 83, 84, 86, 100, 101, 103, 116, 117, 119, 132, 133, 135, 147, 148, 150, 153, 164, 175, 184, 187, 188, 198, 207, 208, 211, 212, 219, 228, 231, 239, 241, 251, 252, 259, 261, 263, 273, 279, 288, 294, 299, 301, 307, 308, 311, 313, 320, 321, 324, 326, 332, 333, 336, 338, 343, 344], "excluded_lines": []}}}, "budget_execution/tests/fixtures/test_scenarios.py": {"executed_lines": [], "summary": {"covered_lines": 0, "num_statements": 9, "percent_covered": 0.0, "percent_covered_display": "0", "missing_lines": 9, "excluded_lines": 0}, "missing_lines": [7, 10, 42, 106, 142, 170, 210, 239, 263], "excluded_lines": [], "functions": {"": {"executed_lines": [], "summary": {"covered_lines": 0, "num_statements": 9, "percent_covered": 0.0, "percent_covered_display": "0", "missing_lines": 9, "excluded_lines": 0}, "missing_lines": [7, 10, 42, 106, 142, 170, 210, 239, 263], "excluded_lines": []}}, "classes": {"": {"executed_lines": [], "summary": {"covered_lines": 0, "num_statements": 9, "percent_covered": 0.0, "percent_covered_display": "0", "missing_lines": 9, "excluded_lines": 0}, "missing_lines": [7, 10, 42, 106, 142, 170, 210, 239, 263], "excluded_lines": []}}}, "budget_execution/tests/test_e2e_budget_execution.py": {"executed_lines": [], "summary": {"covered_lines": 0, "num_statements": 316, "percent_covered": 0.0, "percent_covered_display": "0", "missing_lines": 316, "excluded_lines": 2}, "missing_lines": [17, 18, 19, 20, 22, 24, 25, 32, 38, 39, 41, 42, 43, 46, 47, 48, 49, 52, 54, 57, 58, 60, 63, 66, 68, 69, 70, 73, 74, 77, 78, 79, 81, 84, 85, 88, 89, 91, 92, 93, 96, 99, 100, 101, 102, 105, 107, 110, 112, 113, 114, 116, 119, 120, 123, 124, 126, 127, 129, 130, 132, 135, 136, 137, 138, 141, 143, 146, 149, 150, 153, 154, 156, 159, 160, 163, 166, 168, 171, 174, 175, 176, 178, 181, 182, 185, 186, 188, 191, 192, 193, 194, 199, 200, 202, 203, 204, 207, 210, 211, 212, 213, 215, 217, 220, 222, 223, 224, 226, 229, 230, 233, 234, 236, 237, 239, 240, 242, 245, 246, 247, 248, 250, 252, 255, 257, 258, 259, 261, 264, 265, 267, 268, 271, 272, 274, 275, 277, 278, 279, 282, 285, 286, 287, 289, 290, 291, 294, 295, 296, 299, 302, 304, 307, 310, 311, 312, 314, 317, 318, 321, 322, 324, 325, 326, 327, 330, 333, 334, 336, 338, 341, 343, 344, 345, 347, 350, 351, 354, 355, 357, 358, 360, 361, 362, 363, 365, 368, 369, 370, 372, 373, 374, 376, 379, 380, 382, 384, 387, 389, 390, 391, 393, 396, 397, 400, 401, 403, 404, 406, 407, 408, 411, 412, 415, 418, 420, 423, 426, 433, 434, 435, 436, 439, 440, 441, 443, 445, 448, 451, 452, 453, 456, 457, 459, 461, 464, 467, 468, 469, 471, 474, 475, 477, 479, 482, 485, 486, 487, 490, 491, 493, 494, 495, 498, 501, 503, 504, 507, 508, 509, 510, 512, 514, 515, 517, 518, 520, 521, 522, 524, 527, 528, 530, 531, 533, 534, 535, 537, 540, 541, 543, 544, 546, 547, 548, 551, 552, 555, 558, 560, 563, 566, 567, 568, 571, 572, 574, 576, 579, 580, 581, 582, 583, 584, 586, 587, 589, 590, 591, 592, 593, 594, 596, 597, 598], "excluded_lines": [26, 27], "functions": {"authenticated_page": {"executed_lines": [], "summary": {"covered_lines": 0, "num_statements": 9, "percent_covered": 0.0, "percent_covered_display": "0", "missing_lines": 9, "excluded_lines": 0}, "missing_lines": [41, 42, 43, 46, 47, 48, 49, 52, 54], "excluded_lines": []}, "base_url": {"executed_lines": [], "summary": {"covered_lines": 0, "num_statements": 1, "percent_covered": 0.0, "percent_covered_display": "0", "missing_lines": 1, "excluded_lines": 0}, "missing_lines": [60], "excluded_lines": []}, "TestAllotmentRelease.test_release_quarterly_allotment": {"executed_lines": [], "summary": {"covered_lines": 0, "num_statements": 21, "percent_covered": 0.0, "percent_covered_display": "0", "missing_lines": 21, "excluded_lines": 0}, "missing_lines": [68, 69, 70, 73, 74, 77, 78, 79, 81, 84, 85, 88, 89, 91, 92, 93, 96, 99, 100, 101, 102], "excluded_lines": []}, "TestAllotmentRelease.test_allotment_constraint_validation": {"executed_lines": [], "summary": {"covered_lines": 0, "num_statements": 19, "percent_covered": 0.0, "percent_covered_display": "0", "missing_lines": 19, "excluded_lines": 0}, "missing_lines": [107, 110, 112, 113, 114, 116, 119, 120, 123, 124, 126, 127, 129, 130, 132, 135, 136, 137, 138], "excluded_lines": []}, "TestAllotmentRelease.test_view_allotment_history": {"executed_lines": [], "summary": {"covered_lines": 0, "num_statements": 9, "percent_covered": 0.0, "percent_covered_display": "0", "missing_lines": 9, "excluded_lines": 0}, "missing_lines": [143, 146, 149, 150, 153, 154, 156, 159, 160], "excluded_lines": []}, "TestObligationManagement.test_create_obligation": {"executed_lines": [], "summary": {"covered_lines": 0, "num_statements": 25, "percent_covered": 0.0, "percent_covered_display": "0", "missing_lines": 25, "excluded_lines": 0}, "missing_lines": [168, 171, 174, 175, 176, 178, 181, 182, 185, 186, 188, 191, 192, 193, 194, 199, 200, 202, 203, 204, 207, 210, 211, 212, 213], "excluded_lines": []}, "TestObligationManagement.test_obligation_exceeds_allotment_validation": {"executed_lines": [], "summary": {"covered_lines": 0, "num_statements": 19, "percent_covered": 0.0, "percent_covered_display": "0", "missing_lines": 19, "excluded_lines": 0}, "missing_lines": [217, 220, 222, 223, 224, 226, 229, 230, 233, 234, 236, 237, 239, 240, 242, 245, 246, 247, 248], "excluded_lines": []}, "TestObligationManagement.test_multiple_obligations_within_limit": {"executed_lines": [], "summary": {"covered_lines": 0, "num_statements": 27, "percent_covered": 0.0, "percent_covered_display": "0", "missing_lines": 27, "excluded_lines": 0}, "missing_lines": [252, 255, 257, 258, 259, 261, 264, 265, 267, 268, 271, 272, 274, 275, 277, 278, 279, 282, 285, 286, 287, 289, 290, 291, 294, 295, 296], "excluded_lines": []}, "TestDisbursementProcessing.test_record_disbursement": {"executed_lines": [], "summary": {"covered_lines": 0, "num_statements": 17, "percent_covered": 0.0, "percent_covered_display": "0", "missing_lines": 17, "excluded_lines": 0}, "missing_lines": [304, 307, 310, 311, 312, 314, 317, 318, 321, 322, 324, 325, 326, 327, 330, 333, 334], "excluded_lines": []}, "TestDisbursementProcessing.test_progressive_disbursement_30_30_40": {"executed_lines": [], "summary": {"covered_lines": 0, "num_statements": 26, "percent_covered": 0.0, "percent_covered_display": "0", "missing_lines": 26, "excluded_lines": 0}, "missing_lines": [338, 341, 343, 344, 345, 347, 350, 351, 354, 355, 357, 358, 360, 361, 362, 363, 365, 368, 369, 370, 372, 373, 374, 376, 379, 380], "excluded_lines": []}, "TestDisbursementProcessing.test_disbursement_exceeds_obligation_validation": {"executed_lines": [], "summary": {"covered_lines": 0, "num_statements": 17, "percent_covered": 0.0, "percent_covered_display": "0", "missing_lines": 17, "excluded_lines": 0}, "missing_lines": [384, 387, 389, 390, 391, 393, 396, 397, 400, 401, 403, 404, 406, 407, 408, 411, 412], "excluded_lines": []}, "TestExecutionReports.test_execution_dashboard": {"executed_lines": [], "summary": {"covered_lines": 0, "num_statements": 10, "percent_covered": 0.0, "percent_covered_display": "0", "missing_lines": 10, "excluded_lines": 0}, "missing_lines": [420, 423, 426, 433, 434, 435, 436, 439, 440, 441], "excluded_lines": []}, "TestExecutionReports.test_quarterly_execution_report": {"executed_lines": [], "summary": {"covered_lines": 0, "num_statements": 7, "percent_covered": 0.0, "percent_covered_display": "0", "missing_lines": 7, "excluded_lines": 0}, "missing_lines": [445, 448, 451, 452, 453, 456, 457], "excluded_lines": []}, "TestExecutionReports.test_utilization_rate_calculation": {"executed_lines": [], "summary": {"covered_lines": 0, "num_statements": 8, "percent_covered": 0.0, "percent_covered_display": "0", "missing_lines": 8, "excluded_lines": 0}, "missing_lines": [461, 464, 467, 468, 469, 471, 474, 475], "excluded_lines": []}, "TestExecutionReports.test_export_execution_report_excel": {"executed_lines": [], "summary": {"covered_lines": 0, "num_statements": 10, "percent_covered": 0.0, "percent_covered_display": "0", "missing_lines": 10, "excluded_lines": 0}, "missing_lines": [479, 482, 485, 486, 487, 490, 491, 493, 494, 495], "excluded_lines": []}, "TestExecutionWorkflow.test_full_execution_cycle": {"executed_lines": [], "summary": {"covered_lines": 0, "num_statements": 32, "percent_covered": 0.0, "percent_covered_display": "0", "missing_lines": 32, "excluded_lines": 0}, "missing_lines": [503, 504, 507, 508, 509, 510, 512, 514, 515, 517, 518, 520, 521, 522, 524, 527, 528, 530, 531, 533, 534, 535, 537, 540, 541, 543, 544, 546, 547, 548, 551, 552], "excluded_lines": []}, "TestAccessibilityCompliance.test_keyboard_navigation": {"executed_lines": [], "summary": {"covered_lines": 0, "num_statements": 7, "percent_covered": 0.0, "percent_covered_display": "0", "missing_lines": 7, "excluded_lines": 0}, "missing_lines": [560, 563, 566, 567, 568, 571, 572], "excluded_lines": []}, "TestAccessibilityCompliance.test_form_labels": {"executed_lines": [], "summary": {"covered_lines": 0, "num_statements": 18, "percent_covered": 0.0, "percent_covered_display": "0", "missing_lines": 18, "excluded_lines": 0}, "missing_lines": [576, 579, 580, 581, 582, 583, 584, 586, 587, 589, 590, 591, 592, 593, 594, 596, 597, 598], "excluded_lines": []}, "": {"executed_lines": [], "summary": {"covered_lines": 0, "num_statements": 34, "percent_covered": 0.0, "percent_covered_display": "0", "missing_lines": 34, "excluded_lines": 2}, "missing_lines": [17, 18, 19, 20, 22, 24, 25, 32, 38, 39, 57, 58, 63, 66, 105, 141, 163, 166, 215, 250, 299, 302, 336, 382, 415, 418, 443, 459, 477, 498, 501, 555, 558, 574], "excluded_lines": [26, 27]}}, "classes": {"TestAllotmentRelease": {"executed_lines": [], "summary": {"covered_lines": 0, "num_statements": 49, "percent_covered": 0.0, "percent_covered_display": "0", "missing_lines": 49, "excluded_lines": 0}, "missing_lines": [68, 69, 70, 73, 74, 77, 78, 79, 81, 84, 85, 88, 89, 91, 92, 93, 96, 99, 100, 101, 102, 107, 110, 112, 113, 114, 116, 119, 120, 123, 124, 126, 127, 129, 130, 132, 135, 136, 137, 138, 143, 146, 149, 150, 153, 154, 156, 159, 160], "excluded_lines": []}, "TestObligationManagement": {"executed_lines": [], "summary": {"covered_lines": 0, "num_statements": 71, "percent_covered": 0.0, "percent_covered_display": "0", "missing_lines": 71, "excluded_lines": 0}, "missing_lines": [168, 171, 174, 175, 176, 178, 181, 182, 185, 186, 188, 191, 192, 193, 194, 199, 200, 202, 203, 204, 207, 210, 211, 212, 213, 217, 220, 222, 223, 224, 226, 229, 230, 233, 234, 236, 237, 239, 240, 242, 245, 246, 247, 248, 252, 255, 257, 258, 259, 261, 264, 265, 267, 268, 271, 272, 274, 275, 277, 278, 279, 282, 285, 286, 287, 289, 290, 291, 294, 295, 296], "excluded_lines": []}, "TestDisbursementProcessing": {"executed_lines": [], "summary": {"covered_lines": 0, "num_statements": 60, "percent_covered": 0.0, "percent_covered_display": "0", "missing_lines": 60, "excluded_lines": 0}, "missing_lines": [304, 307, 310, 311, 312, 314, 317, 318, 321, 322, 324, 325, 326, 327, 330, 333, 334, 338, 341, 343, 344, 345, 347, 350, 351, 354, 355, 357, 358, 360, 361, 362, 363, 365, 368, 369, 370, 372, 373, 374, 376, 379, 380, 384, 387, 389, 390, 391, 393, 396, 397, 400, 401, 403, 404, 406, 407, 408, 411, 412], "excluded_lines": []}, "TestExecutionReports": {"executed_lines": [], "summary": {"covered_lines": 0, "num_statements": 35, "percent_covered": 0.0, "percent_covered_display": "0", "missing_lines": 35, "excluded_lines": 0}, "missing_lines": [420, 423, 426, 433, 434, 435, 436, 439, 440, 441, 445, 448, 451, 452, 453, 456, 457, 461, 464, 467, 468, 469, 471, 474, 475, 479, 482, 485, 486, 487, 490, 491, 493, 494, 495], "excluded_lines": []}, "TestExecutionWorkflow": {"executed_lines": [], "summary": {"covered_lines": 0, "num_statements": 32, "percent_covered": 0.0, "percent_covered_display": "0", "missing_lines": 32, "excluded_lines": 0}, "missing_lines": [503, 504, 507, 508, 509, 510, 512, 514, 515, 517, 518, 520, 521, 522, 524, 527, 528, 530, 531, 533, 534, 535, 537, 540, 541, 543, 544, 546, 547, 548, 551, 552], "excluded_lines": []}, "TestAccessibilityCompliance": {"executed_lines": [], "summary": {"covered_lines": 0, "num_statements": 25, "percent_covered": 0.0, "percent_covered_display": "0", "missing_lines": 25, "excluded_lines": 0}, "missing_lines": [560, 563, 566, 567, 568, 571, 572, 576, 579, 580, 581, 582, 583, 584, 586, 587, 589, 590, 591, 592, 593, 594, 596, 597, 598], "excluded_lines": []}, "": {"executed_lines": [], "summary": {"covered_lines": 0, "num_statements": 44, "percent_covered": 0.0, "percent_covered_display": "0", "missing_lines": 44, "excluded_lines": 2}, "missing_lines": [17, 18, 19, 20, 22, 24, 25, 32, 38, 39, 41, 42, 43, 46, 47, 48, 49, 52, 54, 57, 58, 60, 63, 66, 105, 141, 163, 166, 215, 250, 299, 302, 336, 382, 415, 418, 443, 459, 477, 498, 501, 555, 558, 574], "excluded_lines": [26, 27]}}}, "budget_execution/tests/test_financial_constraints.py": {"executed_lines": [], "summary": {"covered_lines": 0, "num_statements": 80, "percent_covered": 0.0, "percent_covered_display": "0", "missing_lines": 80, "excluded_lines": 0}, "missing_lines": [8, 9, 10, 11, 14, 15, 18, 21, 24, 32, 52, 55, 58, 59, 62, 65, 68, 78, 79, 80, 92, 95, 104, 113, 123, 124, 126, 128, 129, 130, 139, 140, 143, 146, 149, 158, 159, 160, 171, 174, 182, 190, 199, 202, 204, 206, 207, 208, 216, 217, 220, 223, 235, 238, 250, 253, 267, 268, 271, 273, 275, 276, 278, 285, 286, 289, 291, 293, 295, 296, 298, 304, 305, 308, 311, 312, 315, 319, 321, 324], "excluded_lines": [], "functions": {"TestAllotmentConstraints.test_allotment_cannot_exceed_approved_budget": {"executed_lines": [], "summary": {"covered_lines": 0, "num_statements": 3, "percent_covered": 0.0, "percent_covered_display": "0", "missing_lines": 3, "excluded_lines": 0}, "missing_lines": [21, 24, 32], "excluded_lines": []}, "TestAllotmentConstraints.test_quarterly_allotment_limits": {"executed_lines": [], "summary": {"covered_lines": 0, "num_statements": 1, "percent_covered": 0.0, "percent_covered_display": "0", "missing_lines": 1, "excluded_lines": 0}, "missing_lines": [55], "excluded_lines": []}, "TestObligationConstraints.test_obligation_cannot_exceed_allotment": {"executed_lines": [], "summary": {"covered_lines": 0, "num_statements": 5, "percent_covered": 0.0, "percent_covered_display": "0", "missing_lines": 5, "excluded_lines": 0}, "missing_lines": [65, 68, 78, 79, 80], "excluded_lines": []}, "TestObligationConstraints.test_multiple_obligations_within_limit": {"executed_lines": [], "summary": {"covered_lines": 0, "num_statements": 5, "percent_covered": 0.0, "percent_covered_display": "0", "missing_lines": 5, "excluded_lines": 0}, "missing_lines": [95, 104, 113, 123, 124], "excluded_lines": []}, "TestObligationConstraints.test_obligation_amount_positive": {"executed_lines": [], "summary": {"covered_lines": 0, "num_statements": 3, "percent_covered": 0.0, "percent_covered_display": "0", "missing_lines": 3, "excluded_lines": 0}, "missing_lines": [128, 129, 130], "excluded_lines": []}, "TestDisbursementConstraints.test_disbursement_cannot_exceed_obligation": {"executed_lines": [], "summary": {"covered_lines": 0, "num_statements": 5, "percent_covered": 0.0, "percent_covered_display": "0", "missing_lines": 5, "excluded_lines": 0}, "missing_lines": [146, 149, 158, 159, 160], "excluded_lines": []}, "TestDisbursementConstraints.test_multiple_disbursements_within_obligation": {"executed_lines": [], "summary": {"covered_lines": 0, "num_statements": 5, "percent_covered": 0.0, "percent_covered_display": "0", "missing_lines": 5, "excluded_lines": 0}, "missing_lines": [174, 182, 190, 199, 202], "excluded_lines": []}, "TestDisbursementConstraints.test_disbursement_amount_positive": {"executed_lines": [], "summary": {"covered_lines": 0, "num_statements": 3, "percent_covered": 0.0, "percent_covered_display": "0", "missing_lines": 3, "excluded_lines": 0}, "missing_lines": [206, 207, 208], "excluded_lines": []}, "TestStatusCascades.test_obligation_status_when_fully_disbursed": {"executed_lines": [], "summary": {"covered_lines": 0, "num_statements": 1, "percent_covered": 0.0, "percent_covered_display": "0", "missing_lines": 1, "excluded_lines": 0}, "missing_lines": [223], "excluded_lines": []}, "TestStatusCascades.test_obligation_status_when_partially_disbursed": {"executed_lines": [], "summary": {"covered_lines": 0, "num_statements": 1, "percent_covered": 0.0, "percent_covered_display": "0", "missing_lines": 1, "excluded_lines": 0}, "missing_lines": [238], "excluded_lines": []}, "TestStatusCascades.test_allotment_status_when_fully_obligated": {"executed_lines": [], "summary": {"covered_lines": 0, "num_statements": 1, "percent_covered": 0.0, "percent_covered_display": "0", "missing_lines": 1, "excluded_lines": 0}, "missing_lines": [253], "excluded_lines": []}, "TestTransactionRollback.test_rollback_on_obligation_failure": {"executed_lines": [], "summary": {"covered_lines": 0, "num_statements": 7, "percent_covered": 0.0, "percent_covered_display": "0", "missing_lines": 7, "excluded_lines": 0}, "missing_lines": [273, 275, 276, 278, 285, 286, 289], "excluded_lines": []}, "TestTransactionRollback.test_rollback_on_disbursement_failure": {"executed_lines": [], "summary": {"covered_lines": 0, "num_statements": 7, "percent_covered": 0.0, "percent_covered_display": "0", "missing_lines": 7, "excluded_lines": 0}, "missing_lines": [293, 295, 296, 298, 304, 305, 308], "excluded_lines": []}, "TestConcurrencyControl.test_concurrent_obligations_safe": {"executed_lines": [], "summary": {"covered_lines": 0, "num_statements": 1, "percent_covered": 0.0, "percent_covered_display": "0", "missing_lines": 1, "excluded_lines": 0}, "missing_lines": [319], "excluded_lines": []}, "TestConcurrencyControl.test_concurrent_disbursements_safe": {"executed_lines": [], "summary": {"covered_lines": 0, "num_statements": 1, "percent_covered": 0.0, "percent_covered_display": "0", "missing_lines": 1, "excluded_lines": 0}, "missing_lines": [324], "excluded_lines": []}, "": {"executed_lines": [], "summary": {"covered_lines": 0, "num_statements": 31, "percent_covered": 0.0, "percent_covered_display": "0", "missing_lines": 31, "excluded_lines": 0}, "missing_lines": [8, 9, 10, 11, 14, 15, 18, 52, 58, 59, 62, 92, 126, 139, 140, 143, 171, 204, 216, 217, 220, 235, 250, 267, 268, 271, 291, 311, 312, 315, 321], "excluded_lines": []}}, "classes": {"TestAllotmentConstraints": {"executed_lines": [], "summary": {"covered_lines": 0, "num_statements": 4, "percent_covered": 0.0, "percent_covered_display": "0", "missing_lines": 4, "excluded_lines": 0}, "missing_line
[...]
 [], "summary": {"covered_lines": 0, "num_statements": 103, "percent_covered": 0.0, "percent_covered_display": "0", "missing_lines": 103, "excluded_lines": 0}, "missing_lines": [56, 87, 89, 90, 91, 92, 100, 101, 102, 104, 106, 109, 110, 111, 112, 113, 114, 117, 118, 121, 122, 123, 124, 125, 128, 129, 132, 142, 143, 145, 146, 168, 171, 228, 234, 235, 236, 237, 238, 239, 240, 241, 243, 244, 253, 254, 257, 258, 259, 261, 290, 291, 293, 301, 302, 303, 304, 305, 306, 309, 310, 311, 312, 313, 314, 317, 318, 319, 320, 321, 322, 324, 332, 356, 362, 363, 365, 387, 389, 390, 392, 393, 394, 395, 400, 403, 406, 408, 418, 425, 426, 427, 431, 435, 439, 444, 448, 450, 451, 454, 461, 468, 470], "excluded_lines": []}, "": {"executed_lines": [], "summary": {"covered_lines": 0, "num_statements": 24, "percent_covered": 0.0, "percent_covered_display": "0", "missing_lines": 24, "excluded_lines": 0}, "missing_lines": [8, 9, 10, 11, 13, 15, 17, 20, 23, 54, 58, 148, 246, 278, 326, 367, 416, 446, 474, 477, 480, 481, 482, 486], "excluded_lines": []}}}, "recommendations/policies/ai_services/policy_generator.py": {"executed_lines": [], "summary": {"covered_lines": 0, "num_statements": 73, "percent_covered": 0.0, "percent_covered_display": "0", "missing_lines": 73, "excluded_lines": 0}, "missing_lines": [8, 9, 10, 12, 13, 15, 19, 60, 63, 65, 66, 68, 102, 105, 106, 107, 109, 112, 220, 226, 227, 229, 232, 233, 234, 235, 236, 238, 239, 241, 242, 243, 248, 249, 254, 271, 273, 274, 275, 277, 300, 306, 307, 308, 309, 310, 312, 313, 315, 316, 317, 320, 321, 323, 338, 340, 346, 348, 366, 372, 373, 374, 375, 376, 377, 378, 379, 381, 385, 388, 391, 392, 393], "excluded_lines": [], "functions": {"PolicyGenerator.__init__": {"executed_lines": [], "summary": {"covered_lines": 0, "num_statements": 2, "percent_covered": 0.0, "percent_covered_display": "0", "missing_lines": 2, "excluded_lines": 0}, "missing_lines": [65, 66], "excluded_lines": []}, "PolicyGenerator.generate_policy_recommendation": {"executed_lines": [], "summary": {"covered_lines": 0, "num_statements": 22, "percent_covered": 0.0, "percent_covered_display": "0", "missing_lines": 22, "excluded_lines": 0}, "missing_lines": [102, 105, 106, 107, 109, 112, 220, 226, 227, 229, 232, 233, 234, 235, 236, 238, 239, 241, 242, 243, 248, 249], "excluded_lines": []}, "PolicyGenerator.refine_policy": {"executed_lines": [], "summary": {"covered_lines": 0, "num_statements": 18, "percent_covered": 0.0, "percent_covered_display": "0", "missing_lines": 18, "excluded_lines": 0}, "missing_lines": [271, 273, 274, 275, 277, 300, 306, 307, 308, 309, 310, 312, 313, 315, 316, 317, 320, 321], "excluded_lines": []}, "PolicyGenerator.generate_quick_policy": {"executed_lines": [], "summary": {"covered_lines": 0, "num_statements": 14, "percent_covered": 0.0, "percent_covered_display": "0", "missing_lines": 14, "excluded_lines": 0}, "missing_lines": [338, 340, 346, 348, 366, 372, 373, 374, 375, 376, 377, 378, 379, 381], "excluded_lines": []}, "get_policy_generator": {"executed_lines": [], "summary": {"covered_lines": 0, "num_statements": 3, "percent_covered": 0.0, "percent_covered_display": "0", "missing_lines": 3, "excluded_lines": 0}, "missing_lines": [391, 392, 393], "excluded_lines": []}, "": {"executed_lines": [], "summary": {"covered_lines": 0, "num_statements": 14, "percent_covered": 0.0, "percent_covered_display": "0", "missing_lines": 14, "excluded_lines": 0}, "missing_lines": [8, 9, 10, 12, 13, 15, 19, 60, 63, 68, 254, 323, 385, 388], "excluded_lines": []}}, "classes": {"PolicyGenerator": {"executed_lines": [], "summary": {"covered_lines": 0, "num_statements": 56, "percent_covered": 0.0, "percent_covered_display": "0", "missing_lines": 56, "excluded_lines": 0}, "missing_lines": [65, 66, 102, 105, 106, 107, 109, 112, 220, 226, 227, 229, 232, 233, 234, 235, 236, 238, 239, 241, 242, 243, 248, 249, 271, 273, 274, 275, 277, 300, 306, 307, 308, 309, 310, 312, 313, 315, 316, 317, 320, 321, 338, 340, 346, 348, 366, 372, 373, 374, 375, 376, 377, 378, 379, 381], "excluded_lines": []}, "": {"executed_lines": [], "summary": {"covered_lines": 0, "num_statements": 17, "percent_covered": 0.0, "percent_covered_display": "0", "missing_lines": 17, "excluded_lines": 0}, "missing_lines": [8, 9, 10, 12, 13, 15, 19, 60, 63, 68, 254, 323, 385, 388, 391, 392, 393], "excluded_lines": []}}}, "recommendations/policies/api_urls.py": {"executed_lines": [], "summary": {"covered_lines": 0, "num_statements": 5, "percent_covered": 0.0, "percent_covered_display": "0", "missing_lines": 5, "excluded_lines": 0}, "missing_lines": [1, 2, 4, 6, 9], "excluded_lines": [], "functions": {"": {"executed_lines": [], "summary": {"covered_lines": 0, "num_statements": 5, "percent_covered": 0.0, "percent_covered_display": "0", "missing_lines": 5, "excluded_lines": 0}, "missing_lines": [1, 2, 4, 6, 9], "excluded_lines": []}}, "classes": {"": {"executed_lines": [], "summary": {"covered_lines": 0, "num_statements": 5, "percent_covered": 0.0, "percent_covered_display": "0", "missing_lines": 5, "excluded_lines": 0}, "missing_lines": [1, 2, 4, 6, 9], "excluded_lines": []}}}, "recommendations/policies/apps.py": {"executed_lines": [1, 4, 5, 6, 7], "summary": {"covered_lines": 5, "num_statements": 5, "percent_covered": 100.0, "percent_covered_display": "100", "missing_lines": 0, "excluded_lines": 0}, "missing_lines": [], "excluded_lines": [], "functions": {"": {"executed_lines": [1, 4, 5, 6, 7], "summary": {"covered_lines": 5, "num_statements": 5, "percent_covered": 100.0, "percent_covered_display": "100", "missing_lines": 0, "excluded_lines": 0}, "missing_lines": [], "excluded_lines": []}}, "classes": {"PoliciesConfig": {"executed_lines": [], "summary": {"covered_lines": 0, "num_statements": 0, "percent_covered": 100.0, "percent_covered_display": "100", "missing_lines": 0, "excluded_lines": 0}, "missing_lines": [], "excluded_lines": []}, "": {"executed_lines": [1, 4, 5, 6, 7], "summary": {"covered_lines": 5, "num_statements": 5, "percent_covered": 100.0, "percent_covered_display": "100", "missing_lines": 0, "excluded_lines": 0}, "missing_lines": [], "excluded_lines": []}}}, "recommendations/policies/migrations/__init__.py": {"executed_lines": [], "summary": {"covered_lines": 0, "num_statements": 0, "percent_covered": 100.0, "percent_covered_display": "100", "missing_lines": 0, "excluded_lines": 0}, "missing_lines": [], "excluded_lines": [], "functions": {"": {"executed_lines": [], "summary": {"covered_lines": 0, "num_statements": 0, "percent_covered": 100.0, "percent_covered_display": "100", "missing_lines": 0, "excluded_lines": 0}, "missing_lines": [], "excluded_lines": []}}, "classes": {"": {"executed_lines": [], "summary": {"covered_lines": 0, "num_statements": 0, "percent_covered": 100.0, "percent_covered_display": "100", "missing_lines": 0, "excluded_lines": 0}, "missing_lines": [], "excluded_lines": []}}}, "recommendations/policies/models.py": {"executed_lines": [1], "summary": {"covered_lines": 1, "num_statements": 1, "percent_covered": 100.0, "percent_covered_display": "100", "missing_lines": 0, "excluded_lines": 0}, "missing_lines": [], "excluded_lines": [], "functions": {"": {"executed_lines": [1], "summary": {"covered_lines": 1, "num_statements": 1, "percent_covered": 100.0, "percent_covered_display": "100", "missing_lines": 0, "excluded_lines": 0}, "missing_lines": [], "excluded_lines": []}}, "classes": {"": {"executed_lines": [1], "summary": {"covered_lines": 1, "num_statements": 1, "percent_covered": 100.0, "percent_covered_display": "100", "missing_lines": 0, "excluded_lines": 0}, "missing_lines": [], "excluded_lines": []}}}, "recommendations/policies/tests/__init__.py": {"executed_lines": [0], "summary": {"covered_lines": 0, "num_statements": 0, "percent_covered": 100.0, "percent_covered_display": "100", "missing_lines": 0, "excluded_lines": 0}, "missing_lines": [], "excluded_lines": [], "functions": {"": {"executed_lines": [], "summary": {"covered_lines": 0, "num_statements": 0, "percent_covered": 100.0, "percent_covered_display": "100", "missing_lines": 0, "excluded_lines": 0}, "missing_lines": [], "excluded_lines": []}}, "classes": {"": {"executed_lines": [], "summary": {"covered_lines": 0, "num_statements": 0, "percent_covered": 100.0, "percent_covered_display": "100", "missing_lines": 0, "excluded_lines": 0}, "missing_lines": [], "excluded_lines": []}}}, "recommendations/policies/tests/test_ai_services.py": {"executed_lines": [1, 11, 13], "summary": {"covered_lines": 2, "num_statements": 151, "percent_covered": 1.3245033112582782, "percent_covered_display": "1", "missing_lines": 149, "excluded_lines": 0}, "missing_lines": [18, 19, 20, 22, 23, 25, 33, 36, 38, 40, 41, 44, 45, 49, 52, 53, 56, 62, 63, 64, 65, 66, 68, 69, 72, 73, 83, 86, 91, 94, 95, 96, 98, 100, 112, 114, 115, 116, 117, 120, 123, 125, 127, 128, 129, 132, 133, 136, 140, 143, 144, 156, 159, 166, 167, 168, 169, 171, 172, 175, 176, 183, 186, 190, 196, 197, 199, 200, 203, 204, 211, 214, 220, 221, 224, 227, 229, 231, 232, 235, 236, 254, 257, 264, 271, 272, 273, 274, 275, 277, 279, 297, 300, 301, 303, 305, 309, 315, 322, 323, 324, 327, 330, 332, 334, 335, 338, 339, 358, 361, 368, 369, 370, 371, 373, 374, 377, 378, 387, 390, 396, 397, 399, 400, 403, 404, 413, 416, 419, 420, 421, 423, 425, 428, 429, 430, 432, 434, 437, 438, 439, 440, 444, 445, 448, 452, 456, 459, 460], "excluded_lines": [], "functions": {"TestEvidenceGatherer.setUp": {"executed_lines": [], "summary": {"covered_lines": 0, "num_statements": 1, "percent_covered": 0.0, "percent_covered_display": "0", "missing_lines": 1, "excluded_lines": 0}, "missing_lines": [38], "excluded_lines": []}, "TestEvidenceGatherer.test_gather_evidence": {"executed_lines": [], "summary": {"covered_lines": 0, "num_statements": 11, "percent_covered": 0.0, "percent_covered_display": "0", "missing_lines": 11, "excluded_lines": 0}, "missing_lines": [44, 45, 49, 52, 53, 56, 62, 63, 64, 65, 66], "excluded_lines": []}, "TestEvidenceGatherer.test_synthesize_evidence": {"executed_lines": [], "summary": {"covered_lines": 0, "num_statements": 8, "percent_covered": 0.0, "percent_covered_display": "0", "missing_lines": 8, "excluded_lines": 0}, "missing_lines": [72, 73, 83, 86, 91, 94, 95, 96], "excluded_lines": []}, "TestEvidenceGatherer.test_get_evidence_stats": {"executed_lines": [], "summary": {"covered_lines": 0, "num_statements": 6, "percent_covered": 0.0, "percent_covered_display": "0", "missing_lines": 6, "excluded_lines": 0}, "missing_lines": [100, 112, 114, 115, 116, 117], "excluded_lines": []}, "TestPolicyGenerator.setUp": {"executed_lines": [], "summary": {"covered_lines": 0, "num_statements": 1, "percent_covered": 0.0, "percent_covered_display": "0", "missing_lines": 1, "excluded_lines": 0}, "missing_lines": [125], "excluded_lines": []}, "TestPolicyGenerator.test_generate_policy_recommendation": {"executed_lines": [], "summary": {"covered_lines": 0, "num_statements": 12, "percent_covered": 0.0, "percent_covered_display": "0", "missing_lines": 12, "excluded_lines": 0}, "missing_lines": [132, 133, 136, 140, 143, 144, 156, 159, 166, 167, 168, 169], "excluded_lines": []}, "TestPolicyGenerator.test_refine_policy": {"executed_lines": [], "summary": {"covered_lines": 0, "num_statements": 7, "percent_covered": 0.0, "percent_covered_display": "0", "missing_lines": 7, "excluded_lines": 0}, "missing_lines": [175, 176, 183, 186, 190, 196, 197], "excluded_lines": []}, "TestPolicyGenerator.test_generate_quick_policy": {"executed_lines": [], "summary": {"covered_lines": 0, "num_statements": 6, "percent_covered": 0.0, "percent_covered_display": "0", "missing_lines": 6, "excluded_lines": 0}, "missing_lines": [203, 204, 211, 214, 220, 221], "excluded_lines": []}, "TestImpactSimulator.setUp": {"executed_lines": [], "summary": {"covered_lines": 0, "num_statements": 1, "percent_covered": 0.0, "percent_covered_display": "0", "missing_lines": 1, "excluded_lines": 0}, "missing_lines": [229], "excluded_lines": []}, "TestImpactSimulator.test_simulate_impact": {"executed_lines": [], "summary": {"covered_lines": 0, "num_statements": 10, "percent_covered": 0.0, "percent_covered_display": "0", "missing_lines": 10, "excluded_lines": 0}, "missing_lines": [235, 236, 254, 257, 264, 271, 272, 273, 274, 275], "excluded_lines": []}, "TestImpactSimulator.test_compare_scenarios": {"executed_lines": [], "summary": {"covered_lines": 0, "num_statements": 4, "percent_covered": 0.0, "percent_covered_display": "0", "missing_lines": 4, "excluded_lines": 0}, "missing_lines": [279, 297, 300, 301], "excluded_lines": []}, "TestImpactSimulator.test_generate_fallback_scenario": {"executed_lines": [], "summary": {"covered_lines": 0, "num_statements": 6, "percent_covered": 0.0, "percent_covered_display": "0", "missing_lines": 6, "excluded_lines": 0}, "missing_lines": [305, 309, 315, 322, 323, 324], "excluded_lines": []}, "TestComplianceChecker.setUp": {"executed_lines": [], "summary": {"covered_lines": 0, "num_statements": 1, "percent_covered": 0.0, "percent_covered_display": "0", "missing_lines": 1, "excluded_lines": 0}, "missing_lines": [332], "excluded_lines": []}, "TestComplianceChecker.test_check_compliance": {"executed_lines": [], "summary": {"covered_lines": 0, "num_statements": 8, "percent_covered": 0.0, "percent_covered_display": "0", "missing_lines": 8, "excluded_lines": 0}, "missing_lines": [338, 339, 358, 361, 368, 369, 370, 371], "excluded_lines": []}, "TestComplianceChecker.test_quick_compliance_check": {"executed_lines": [], "summary": {"covered_lines": 0, "num_statements": 6, "percent_covered": 0.0, "percent_covered_display": "0", "missing_lines": 6, "excluded_lines": 0}, "missing_lines": [377, 378, 387, 390, 396, 397], "excluded_lines": []}, "TestComplianceChecker.test_get_compliance_guidelines": {"executed_lines": [], "summary": {"covered_lines": 0, "num_statements": 7, "percent_covered": 0.0, "percent_covered_display": "0", "missing_lines": 7, "excluded_lines": 0}, "missing_lines": [403, 404, 413, 416, 419, 420, 421], "excluded_lines": []}, "TestComplianceChecker.test_build_legal_context": {"executed_lines": [], "summary": {"covered_lines": 0, "num_statements": 4, "percent_covered": 0.0, "percent_covered_display": "0", "missing_lines": 4, "excluded_lines": 0}, "missing_lines": [425, 428, 429, 430], "excluded_lines": []}, "TestComplianceChecker.test_generate_fallback_compliance": {"executed_lines": [], "summary": {"covered_lines": 0, "num_statements": 5, "percent_covered": 0.0, "percent_covered_display": "0", "missing_lines": 5, "excluded_lines": 0}, "missing_lines": [434, 437, 438, 439, 440], "excluded_lines": []}, "TestAIServicesIntegration.test_end_to_end_policy_generation": {"executed_lines": [], "summary": {"covered_lines": 0, "num_statements": 1, "percent_covered": 0.0, "percent_covered_display": "0", "missing_lines": 1, "excluded_lines": 0}, "missing_lines": [456], "excluded_lines": []}, "": {"executed_lines": [1, 11, 13], "summary": {"covered_lines": 2, "num_statements": 46, "percent_covered": 4.3478260869565215, "percent_covered_display": "4", "missing_lines": 44, "excluded_lines": 0}, "missing_lines": [18, 19, 20, 22, 23, 25, 33, 36, 40, 41, 68, 69, 98, 120, 123, 127, 128, 129, 171, 172, 199, 200, 224, 227, 231, 232, 277, 303, 327, 330, 334, 335, 373, 374, 399, 400, 423, 432, 444, 445, 448, 452, 459, 460], "excluded_lines": []}}, "classes": {"TestEvidenceGatherer": {"executed_lines": [], "summary": {"covered_lines": 0, "num_statements": 26, "percent_covered": 0.0, "percent_covered_display": "0", "missing_lines": 26, "excluded_lines": 0}, "missing_lines": [38, 44, 45, 49, 52, 53, 56, 62, 63, 64, 65, 66, 72, 73, 83, 86, 91, 94, 95, 96, 100, 112, 114, 115, 116, 117], "excluded_lines": []}, "TestPolicyGenerator": {"executed_lines": [], "summary": {"covered_lines": 0, "num_statements": 26, "percent_covered": 0.0, "percent_covered_display": "0", "missing_lines": 26, "excluded_lines": 0}, "missing_lines": [125, 132, 133, 136, 140, 143, 144, 156, 159, 166, 167, 168, 169, 175, 176, 183, 186, 190, 196, 197, 203, 204, 211, 214, 220, 221], "excluded_lines": []}, "TestImpactSimulator": {"executed_lines": [], "summary": {"covered_lines": 0, "num_statements": 21, "percent_covered": 0.0, "percent_covered_display": "0", "missing_lines": 21, "excluded_lines": 0}, "missing_lines": [229, 235, 236, 254, 257, 264, 271, 272, 273, 274, 275, 279, 297, 300, 301, 305, 309, 315, 322, 323, 324], "excluded_lines": []}, "TestComplianceChecker": {"executed_lines": [], "summary": {"covered_lines": 0, "num_statements": 31, "percent_covered": 0.0, "percent_covered_display": "0", "missing_lines": 31, "excluded_lines": 0}, "missing_lines": [332, 338, 339, 358, 361, 368, 369, 370, 371, 377, 378, 387, 390, 396, 397, 403, 404, 413, 416, 419, 420, 421, 425, 428, 429, 430, 434, 437, 438, 439, 440], "excluded_lines": []}, "TestAIServicesIntegration": {"executed_lines": [], "summary": {"covered_lines": 0, "num_statements": 1, "percent_covered": 0.0, "percent_covered_display": "0", "missing_lines": 1, "excluded_lines": 0}, "missing_lines": [456], "excluded_lines": []}, "": {"executed_lines": [1, 11, 13], "summary": {"covered_lines": 2, "num_statements": 46, "percent_covered": 4.3478260869565215, "percent_covered_display": "4", "missing_lines": 44, "excluded_lines": 0}, "missing_lines": [18, 19, 20, 22, 23, 25, 33, 36, 40, 41, 68, 69, 98, 120, 123, 127, 128, 129, 171, 172, 199, 200, 224, 227, 231, 232, 277, 303, 327, 330, 334, 335, 373, 374, 399, 400, 423, 432, 444, 445, 448, 452, 459, 460], "excluded_lines": []}}}, "recommendations/policies/tests/test_placeholder.py": {"executed_lines": [1, 3, 4], "summary": {"covered_lines": 3, "num_statements": 3, "percent_covered": 100.0, "percent_covered_display": "100", "missing_lines": 0, "excluded_lines": 2}, "missing_lines": [], "excluded_lines": [5, 6], "functions": {"": {"executed_lines": [1, 3, 4], "summary": {"covered_lines": 3, "num_statements": 3, "percent_covered": 100.0, "percent_covered_display": "100", "missing_lines": 0, "excluded_lines": 2}, "missing_lines": [], "excluded_lines": [5, 6]}}, "classes": {"": {"executed_lines": [1, 3, 4], "summary": {"covered_lines": 3, "num_statements": 3, "percent_covered": 100.0, "percent_covered_display": "100", "missing_lines": 0, "excluded_lines": 2}, "missing_lines": [], "excluded_lines": [5, 6]}}}, "recommendations/policies/urls.py": {"executed_lines": [], "summary": {"covered_lines": 0, "num_statements": 4, "percent_covered": 0.0, "percent_covered_display": "0", "missing_lines": 4, "excluded_lines": 0}, "missing_lines": [14, 15, 17, 19], "excluded_lines": [], "functions": {"": {"executed_lines": [], "summary": {"covered_lines": 0, "num_statements": 4, "percent_covered": 0.0, "percent_covered_display": "0", "missing_lines": 4, "excluded_lines": 0}, "missing_lines": [14, 15, 17, 19], "excluded_lines": []}}, "classes": {"": {"executed_lines": [], "summary": {"covered_lines": 0, "num_statements": 4, "percent_covered": 0.0, "percent_covered_display": "0", "missing_lines": 4, "excluded_lines": 0}, "missing_lines": [14, 15, 17, 19], "excluded_lines": []}}}, "recommendations/policies/views.py": {"executed_lines": [], "summary": {"covered_lines": 0, "num_statements": 1, "percent_covered": 0.0, "percent_covered_display": "0", "missing_lines": 1, "excluded_lines": 0}, "missing_lines": [1], "excluded_lines": [], "functions": {"": {"executed_lines": [], "summary": {"covered_lines": 0, "num_statements": 1, "percent_covered": 0.0, "percent_covered_display": "0", "missing_lines": 1, "excluded_lines": 0}, "missing_lines": [1], "excluded_lines": []}}, "classes": {"": {"executed_lines": [], "summary": {"covered_lines": 0, "num_statements": 1, "percent_covered": 0.0, "percent_covered_display": "0", "missing_lines": 1, "excluded_lines": 0}, "missing_lines": [1], "excluded_lines": []}}}}, "totals": {"covered_lines": 3211, "num_statements": 10682, "percent_covered": 30.059913873806405, "percent_covered_display": "30", "missing_lines": 7471, "excluded_lines": 50}}